Arguments: 
  C:\Program Files\nodejs\node.exe C:\Program Files\nodejs\node_modules\yarn\bin\yarn.js

PATH: 
  C:\react_code\antd-course\node_modules\.bin;C:\Program Files (x86)\Common Files\Oracle\Java\javapath;C:\ProgramData\Miniconda3;C:\ProgramData\Miniconda3\Library\mingw-w64\bin;C:\ProgramData\Miniconda3\Library\usr\bin;C:\ProgramData\Miniconda3\Library\bin;C:\ProgramData\Miniconda3\Scripts;C:\Windows\system32;C:\Windows;C:\Windows\System32\Wbem;C:\Windows\System32\WindowsPowerShell\v1.0\;C:\Windows\System32\OpenSSH\;C:\Program Files\Microsoft VS Code\bin;C:\Program Files\Git\cmd;%JAVA_HOME%\bin;%JAVA_HOME%\jre\bin;C:\Program Files\Java\jdk1.8.0_202\bin;C:\Program Files\Java\jdk1.8.0_202\jre\bin;C:\Program Files (x86)\Calibre2\;C:\Users\Administrator\AppData\Roaming\nvm;C:\Program Files\nodejs;C:\Users\Administrator\.windows-build-tools\python27\;C:\Users\Administrator\.windows-build-tools\python27\;C:\Users\Administrator\AppData\Local\Microsoft\WindowsApps;C:\Program Files\JetBrains\PyCharm 2019.1.2\bin;C:\Program Files\Multipass\bin;C:\Program Files\JetBrains\WebStorm 2019.3.4\bin;C:\Users\Administrator\AppData\Roaming\nvm;C:\Program Files\nodejs;;C:\Program Files\JetBrains\PyCharm 2020.1\bin;

Yarn version: 
  1.22.4

Node version: 
  12.16.3

Platform: 
  win32 x64

Trace: 
  Error: https://registry.npm.taobao.org/_accepts: Not found
      at Request.params.callback [as _callback] (C:\Users\Administrator\AppData\Roaming\nvm\v12.16.3\node_modules\yarn\lib\cli.js:66987:18)
      at Request.self.callback (C:\Users\Administrator\AppData\Roaming\nvm\v12.16.3\node_modules\yarn\lib\cli.js:140748:22)
      at Request.emit (events.js:310:20)
      at Request.<anonymous> (C:\Users\Administrator\AppData\Roaming\nvm\v12.16.3\node_modules\yarn\lib\cli.js:141720:10)
      at Request.emit (events.js:310:20)
      at IncomingMessage.<anonymous> (C:\Users\Administrator\AppData\Roaming\nvm\v12.16.3\node_modules\yarn\lib\cli.js:141642:12)
      at Object.onceWrapper (events.js:416:28)
      at IncomingMessage.emit (events.js:322:22)
      at endReadableNT (_stream_readable.js:1187:12)
      at processTicksAndRejections (internal/process/task_queues.js:84:21)

npm manifest: 
  {
    "devDependencies": {
      "umi": "^2.4.2",
      "umi-plugin-react": "^1.15.8"
    },
    "name": "antd-course",
    "version": "1.0.0",
    "main": "index.js",
    "dependencies": {
      "_accepts@1.3.7@accepts": "^1.3.7",
      "_acorn-walk@6.2.0@acorn-walk": "^6.2.0",
      "_acorn@6.4.1@acorn": "^6.4.1",
      "_address@1.1.2@address": "^1.1.2",
      "_ajv-errors@1.0.1@ajv-errors": "^1.0.1",
      "_ajv-keywords@3.5.0@ajv-keywords": "^3.5.0",
      "_ajv@6.12.2@ajv": "^6.12.2",
      "_alphanum-sort@1.0.2@alphanum-sort": "^1.0.2",
      "_ansi-colors@3.2.4@ansi-colors": "^3.2.4",
      "_ansi-escapes@4.3.1@ansi-escapes": "^4.3.1",
      "_ansi-regex@2.1.1@ansi-regex": "^2.1.1",
      "_ansi-regex@3.0.0@ansi-regex": "^3.0.0",
      "_ansi-regex@5.0.0@ansi-regex": "^5.0.0",
      "_ansi-styles@2.2.1@ansi-styles": "^2.2.1",
      "_ansi-styles@3.2.1@ansi-styles": "^3.2.1",
      "_ansi-styles@4.2.1@ansi-styles": "^4.2.1",
      "_ansicolors@0.3.2@ansicolors": "^0.3.2",
      "_any-promise@1.3.0@any-promise": "^1.3.0",
      "_anymatch@2.0.0@anymatch": "^2.0.0",
      "_anymatch@3.1.1@anymatch": "^3.1.1",
      "_append-field@1.0.0@append-field": "^1.0.0",
      "_aproba@1.2.0@aproba": "^1.2.0",
      "_arch@2.1.2@arch": "^2.1.2",
      "_argparse@1.0.10@argparse": "^1.0.10",
      "_arr-diff@4.0.0@arr-diff": "^4.0.0",
      "_arr-flatten@1.1.0@arr-flatten": "^1.1.0",
      "_arr-union@3.1.0@arr-union": "^3.1.0",
      "_array-flatten@1.1.1@array-flatten": "^1.1.1",
      "_array-union@1.0.2@array-union": "^1.0.2",
      "_array-uniq@1.0.3@array-uniq": "^1.0.3",
      "_array-unique@0.3.2@array-unique": "^0.3.2",
      "_asap@2.0.6@asap": "^2.0.6",
      "_asn1.js@4.10.1@asn1.js": "^4.10.1",
      "_asn1@0.2.4@asn1": "^0.2.4",
      "_assert-plus@1.0.0@assert-plus": "^1.0.0",
      "_assert@1.5.0@assert": "^1.5.0",
      "_assign-symbols@1.0.0@assign-symbols": "^1.0.0",
      "_async-each@1.0.3@async-each": "^1.0.3",
      "_async-limiter@1.0.1@async-limiter": "^1.0.1",
      "_async@2.6.3@async": "^2.6.3",
      "_asynckit@0.4.0@asynckit": "^0.4.0",
      "_atob@2.1.2@atob": "^2.1.2",
      "_autoprefixer@9.8.1@autoprefixer": "^9.8.1",
      "_aws-sign2@0.7.0@aws-sign2": "^0.7.0",
      "_aws4@1.10.0@aws4": "^1.10.0",
      "_babel-code-frame@6.26.0@babel-code-frame": "^6.26.0",
      "_babel-loader@8.1.0@babel-loader": "^8.1.0",
      "_babel-plugin-dynamic-import-node@2.3.0@babel-plugin-dynamic-import-node": "^2.3.0",
      "_babel-plugin-dynamic-import-node@2.3.3@babel-plugin-dynamic-import-node": "^2.3.3",
      "_babel-plugin-import@1.13.0@babel-plugin-import": "^1.13.0",
      "_babel-plugin-named-asset-import@0.3.6@babel-plugin-named-asset-import": "^0.3.6",
      "_babel-plugin-react-require@3.1.3@babel-plugin-react-require": "^3.1.3",
      "_babel-plugin-transform-react-remove-prop-types@0.4.24@babel-plugin-transform-react-remove-prop-types": "^0.4.24",
      "_balanced-match@1.0.0@balanced-match": "^1.0.0",
      "_base64-js@1.3.1@base64-js": "^1.3.1",
      "_base@0.11.2@base": "^0.11.2",
      "_bcrypt-pbkdf@1.0.2@bcrypt-pbkdf": "^1.0.2",
      "_bfj@6.1.2@bfj": "^6.1.2",
      "_big.js@5.2.2@big.js": "^5.2.2",
      "_binary-extensions@1.13.1@binary-extensions": "^1.13.1",
      "_binary-extensions@2.0.0@binary-extensions": "^2.0.0",
      "_bluebird@3.7.2@bluebird": "^3.7.2",
      "_bn.js@4.11.9@bn.js": "^4.11.9",
      "_bn.js@5.1.2@bn.js": "^5.1.2",
      "_body-parser@1.19.0@body-parser": "^1.19.0",
      "_boolbase@1.0.0@boolbase": "^1.0.0",
      "_brace-expansion@1.1.11@brace-expansion": "^1.1.11",
      "_braces@2.3.2@braces": "^2.3.2",
      "_braces@3.0.2@braces": "^3.0.2",
      "_brorand@1.1.0@brorand": "^1.1.0",
      "_browserify-aes@1.2.0@browserify-aes": "^1.2.0",
      "_browserify-cipher@1.0.1@browserify-cipher": "^1.0.1",
      "_browserify-des@1.0.2@browserify-des": "^1.0.2",
      "_browserify-rsa@4.0.1@browserify-rsa": "^4.0.1",
      "_browserify-sign@4.2.0@browserify-sign": "^4.2.0",
      "_browserify-zlib@0.2.0@browserify-zlib": "^0.2.0",
      "_browserslist@4.12.0@browserslist": "^4.12.0",
      "_buffer-from@1.1.1@buffer-from": "^1.1.1",
      "_buffer-xor@1.0.3@buffer-xor": "^1.0.3",
      "_buffer@4.9.2@buffer": "^4.9.2",
      "_builtin-status-codes@3.0.0@builtin-status-codes": "^3.0.0",
      "_busboy@0.2.14@busboy": "^0.2.14",
      "_bytes@3.0.0@bytes": "^3.0.0",
      "_bytes@3.1.0@bytes": "^3.1.0",
      "_cacache@12.0.4@cacache": "^12.0.4",
      "_cache-base@1.0.1@cache-base": "^1.0.1",
      "_cacheable-request@6.1.0@cacheable-request": "^6.1.0",
      "_call-me-maybe@1.0.1@call-me-maybe": "^1.0.1",
      "_caller-callsite@2.0.0@caller-callsite": "^2.0.0",
      "_caller-path@2.0.0@caller-path": "^2.0.0",
      "_callsites@2.0.0@callsites": "^2.0.0",
      "_camelcase@5.3.1@camelcase": "^5.3.1",
      "_caniuse-api@3.0.0@caniuse-api": "^3.0.0",
      "_caniuse-lite@1.0.30001084@caniuse-lite": "^1.0.30001084",
      "_cardinal@2.1.1@cardinal": "^2.1.1",
      "_caseless@0.12.0@caseless": "^0.12.0",
      "_chalk@1.1.3@chalk": "^1.1.3",
      "_chalk@2.4.2@chalk": "^2.4.2",
      "_chalk@3.0.0@chalk": "^3.0.0",
      "_chalk@4.0.0@chalk": "^4.0.0",
      "_check-types@8.0.3@check-types": "^8.0.3",
      "_cheerio@1.0.0-rc.3@cheerio": "^1.0.0-rc.3",
      "_chokidar@2.1.8@chokidar": "^2.1.8",
      "_chokidar@3.3.1@chokidar": "^3.3.1",
      "_chokidar@3.4.0@chokidar": "^3.4.0",
      "_chownr@1.1.4@chownr": "^1.1.4",
      "_chrome-trace-event@1.0.2@chrome-trace-event": "^1.0.2",
      "_ci-info@1.6.0@ci-info": "^1.6.0",
      "_cipher-base@1.0.4@cipher-base": "^1.0.4",
      "_class-utils@0.3.6@class-utils": "^0.3.6",
      "_cli-color@1.4.0@cli-color": "^1.4.0",
      "_cli-table@0.3.1@cli-table": "^0.3.1",
      "_clipboardy@2.3.0@clipboardy": "^2.3.0",
      "_cliui@6.0.0@cliui": "^6.0.0",
      "_clone-deep@0.2.4@clone-deep": "^0.2.4",
      "_clone-response@1.0.2@clone-response": "^1.0.2",
      "_clone@2.1.2@clone": "^2.1.2",
      "_coa@2.0.2@coa": "^2.0.2",
      "_collection-visit@1.0.0@collection-visit": "^1.0.0",
      "_color-convert@1.9.3@color-convert": "^1.9.3",
      "_color-convert@2.0.1@color-convert": "^2.0.1",
      "_color-name@1.1.3@color-name": "^1.1.3",
      "_color-name@1.1.4@color-name": "^1.1.4",
      "_color-string@1.5.3@color-string": "^1.5.3",
      "_color@3.1.2@color": "^3.1.2",
      "_colors@1.0.3@colors": "^1.0.3",
      "_combined-stream@1.0.8@combined-stream": "^1.0.8",
      "_commander@2.20.3@commander": "^2.20.3",
      "_commondir@1.0.1@commondir": "^1.0.1",
      "_component-emitter@1.3.0@component-emitter": "^1.3.0",
      "_compressible@2.0.18@compressible": "^2.0.18",
      "_compression@1.7.4@compression": "^1.7.4",
      "_concat-map@0.0.1@concat-map": "^0.0.1",
      "_concat-stream@1.6.2@concat-stream": "^1.6.2",
      "_consola@2.13.0@consola": "^2.13.0",
      "_console-browserify@1.2.0@console-browserify": "^1.2.0",
      "_constants-browserify@1.0.0@constants-browserify": "^1.0.0",
      "_content-disposition@0.5.3@content-disposition": "^0.5.3",
      "_content-type@1.0.4@content-type": "^1.0.4",
      "_convert-source-map@1.7.0@convert-source-map": "^1.7.0",
      "_cookie-signature@1.0.6@cookie-signature": "^1.0.6",
      "_cookie@0.4.0@cookie": "^0.4.0",
      "_copy-concurrently@1.0.5@copy-concurrently": "^1.0.5",
      "_copy-descriptor@0.1.1@copy-descriptor": "^0.1.1",
      "_copy-webpack-plugin@5.1.1@copy-webpack-plugin": "^5.1.1",
      "_core-js-compat@3.6.5@core-js-compat": "^3.6.5",
      "_core-js@3.6.5@core-js": "^3.6.5",
      "_core-util-is@1.0.2@core-util-is": "^1.0.2",
      "_cosmiconfig@5.2.1@cosmiconfig": "^5.2.1",
      "_create-ecdh@4.0.3@create-ecdh": "^4.0.3",
      "_create-hash@1.2.0@create-hash": "^1.2.0",
      "_create-hmac@1.1.7@create-hmac": "^1.1.7",
      "_crequire@1.8.1@crequire": "^1.8.1",
      "_cross-spawn@6.0.5@cross-spawn": "^6.0.5",
      "_cross-spawn@7.0.2@cross-spawn": "^7.0.2",
      "_cross-spawn@7.0.3@cross-spawn": "^7.0.3",
      "_crypto-browserify@3.12.0@crypto-browserify": "^3.12.0",
      "_css-blank-pseudo@0.1.4@css-blank-pseudo": "^0.1.4",
      "_css-color-names@0.0.4@css-color-names": "^0.0.4",
      "_css-declaration-sorter@4.0.1@css-declaration-sorter": "^4.0.1",
      "_css-has-pseudo@0.10.0@css-has-pseudo": "^0.10.0",
      "_css-loader@3.5.2@css-loader": "^3.5.2",
      "_css-modules-typescript-loader@4.0.0@css-modules-typescript-loader": "^4.0.0",
      "_css-prefers-color-scheme@3.1.1@css-prefers-color-scheme": "^3.1.1",
      "_css-select-base-adapter@0.1.1@css-select-base-adapter": "^0.1.1",
      "_css-select@1.2.0@css-select": "^1.2.0",
      "_css-select@2.1.0@css-select": "^2.1.0",
      "_css-tree@1.0.0-alpha.37@css-tree": "^1.0.0-alpha.37",
      "_css-tree@1.0.0-alpha.39@css-tree": "^1.0.0-alpha.39",
      "_css-what@2.1.3@css-what": "^2.1.3",
      "_css-what@3.3.0@css-what": "^3.3.0",
      "_cssdb@4.4.0@cssdb": "^4.4.0",
      "_cssesc@2.0.0@cssesc": "^2.0.0",
      "_cssesc@3.0.0@cssesc": "^3.0.0",
      "_cssnano-preset-default@4.0.7@cssnano-preset-default": "^4.0.7",
      "_cssnano-util-get-arguments@4.0.0@cssnano-util-get-arguments": "^4.0.0",
      "_cssnano-util-get-match@4.0.0@cssnano-util-get-match": "^4.0.0",
      "_cssnano-util-raw-cache@4.0.1@cssnano-util-raw-cache": "^4.0.1",
      "_cssnano-util-same-parent@4.0.1@cssnano-util-same-parent": "^4.0.1",
      "_cssnano@4.1.10@cssnano": "^4.1.10",
      "_csso@4.0.3@csso": "^4.0.3",
      "_csstype@2.6.10@csstype": "^2.6.10",
      "_cyclist@1.0.1@cyclist": "^1.0.1",
      "_d@1.0.1@d": "^1.0.1",
      "_dashdash@1.14.1@dashdash": "^1.14.1",
      "_debug@2.6.9@debug": "^2.6.9",
      "_debug@3.2.6@debug": "^3.2.6",
      "_debug@4.1.1@debug": "^4.1.1",
      "_decamelize@1.2.0@decamelize": "^1.2.0",
      "_decode-uri-component@0.2.0@decode-uri-component": "^0.2.0",
      "_decompress-response@3.3.0@decompress-response": "^3.3.0",
      "_deepmerge@1.5.2@deepmerge": "^1.5.2",
      "_deepmerge@4.2.2@deepmerge": "^4.2.2",
      "_defer-to-connect@1.1.3@defer-to-connect": "^1.1.3",
      "_define-properties@1.1.3@define-properties": "^1.1.3",
      "_define-property@0.2.5@define-property": "^0.2.5",
      "_define-property@1.0.0@define-property": "^1.0.0",
      "_define-property@2.0.2@define-property": "^2.0.2",
      "_delayed-stream@1.0.0@delayed-stream": "^1.0.0",
      "_depd@1.1.2@depd": "^1.1.2",
      "_des.js@1.0.1@des.js": "^1.0.1",
      "_destroy@1.0.4@destroy": "^1.0.4",
      "_detect-node@2.0.4@detect-node": "^2.0.4",
      "_dicer@0.2.5@dicer": "^0.2.5",
      "_diffie-hellman@5.0.3@diffie-hellman": "^5.0.3",
      "_dir-glob@2.2.2@dir-glob": "^2.2.2",
      "_dom-serializer@0.1.1@dom-serializer": "^0.1.1",
      "_dom-serializer@0.2.2@dom-serializer": "^0.2.2",
      "_domain-browser@1.2.0@domain-browser": "^1.2.0",
      "_domelementtype@1.3.1@domelementtype": "^1.3.1",
      "_domelementtype@2.0.1@domelementtype": "^2.0.1",
      "_domhandler@2.4.2@domhandler": "^2.4.2",
      "_domutils@1.5.1@domutils": "^1.5.1",
      "_domutils@1.7.0@domutils": "^1.7.0",
      "_dot-prop@5.2.0@dot-prop": "^5.2.0",
      "_dotenv@8.2.0@dotenv": "^8.2.0",
      "_duplexer3@0.1.4@duplexer3": "^0.1.4",
      "_duplexer@0.1.1@duplexer": "^0.1.1",
      "_duplexify@3.7.1@duplexify": "^3.7.1",
      "_ecc-jsbn@0.1.2@ecc-jsbn": "^0.1.2",
      "_ee-first@1.1.1@ee-first": "^1.1.1",
      "_ejs@2.7.4@ejs": "^2.7.4",
      "_ejs@3.0.2@ejs": "^3.0.2",
      "_electron-to-chromium@1.3.478@electron-to-chromium": "^1.3.478",
      "_elliptic@6.5.3@elliptic": "^6.5.3",
      "_emoji-regex@8.0.0@emoji-regex": "^8.0.0",
      "_emojis-list@3.0.0@emojis-list": "^3.0.0",
      "_encodeurl@1.0.2@encodeurl": "^1.0.2",
      "_end-of-stream@1.4.4@end-of-stream": "^1.4.4",
      "_enhanced-resolve@4.2.0@enhanced-resolve": "^4.2.0",
      "_entities@1.1.2@entities": "^1.1.2",
      "_entities@2.0.3@entities": "^2.0.3",
      "_errno@0.1.7@errno": "^0.1.7",
      "_error-ex@1.3.2@error-ex": "^1.3.2",
      "_error-stack-parser@2.0.6@error-stack-parser": "^2.0.6",
      "_es-abstract@1.17.6@es-abstract": "^1.17.6",
      "_es-to-primitive@1.2.1@es-to-primitive": "^1.2.1",
      "_es5-ext@0.10.53@es5-ext": "^0.10.53",
      "_es5-imcompatible-versions@0.1.62@es5-imcompatible-versions": "^0.1.62",
      "_es6-iterator@2.0.3@es6-iterator": "^2.0.3",
      "_es6-symbol@3.1.3@es6-symbol": "^3.1.3",
      "_es6-weak-map@2.0.3@es6-weak-map": "^2.0.3",
      "_escape-html@1.0.3@escape-html": "^1.0.3",
      "_escape-string-regexp@1.0.5@escape-string-regexp": "^1.0.5",
      "_eslint-scope@4.0.3@eslint-scope": "^4.0.3",
      "_esprima@4.0.1@esprima": "^4.0.1",
      "_esrecurse@4.2.1@esrecurse": "^4.2.1",
      "_estraverse@4.3.0@estraverse": "^4.3.0",
      "_esutils@2.0.3@esutils": "^2.0.3",
      "_etag@1.8.1@etag": "^1.8.1",
      "_event-emitter@0.3.5@event-emitter": "^0.3.5",
      "_eventemitter3@4.0.4@eventemitter3": "^4.0.4",
      "_events@3.1.0@events": "^3.1.0",
      "_eventsource@1.0.7@eventsource": "^1.0.7",
      "_evp_bytestokey@1.0.3@evp_bytestokey": "^1.0.3",
      "_execa@1.0.0@execa": "^1.0.0",
      "_execa@4.0.0@execa": "^4.0.0",
      "_execa@4.0.2@execa": "^4.0.2",
      "_expand-brackets@2.1.4@expand-brackets": "^2.1.4",
      "_express@4.17.1@express": "^4.17.1",
      "_ext@1.4.0@ext": "^1.4.0",
      "_extend-shallow@2.0.1@extend-shallow": "^2.0.1",
      "_extend-shallow@3.0.2@extend-shallow": "^3.0.2",
      "_extend@3.0.2@extend": "^3.0.2",
      "_extglob@2.0.4@extglob": "^2.0.4",
      "_extsprintf@1.3.0@extsprintf": "^1.3.0",
      "_extsprintf@1.4.0@extsprintf": "^1.4.0",
      "_fast-deep-equal@3.1.3@fast-deep-equal": "^3.1.3",
      "_fast-json-stable-stringify@2.1.0@fast-json-stable-stringify": "^2.1.0",
      "_faye-websocket@0.10.0@faye-websocket": "^0.10.0",
      "_faye-websocket@0.11.3@faye-websocket": "^0.11.3",
      "_figgy-pudding@3.5.2@figgy-pudding": "^3.5.2",
      "_figures@2.0.0@figures": "^2.0.0",
      "_figures@3.2.0@figures": "^3.2.0",
      "_file-loader@6.0.0@file-loader": "^6.0.0",
      "_filesize@3.6.1@filesize": "^3.6.1",
      "_fill-range@4.0.0@fill-range": "^4.0.0",
      "_fill-range@7.0.1@fill-range": "^7.0.1",
      "_finalhandler@1.1.2@finalhandler": "^1.1.2",
      "_find-cache-dir@2.1.0@find-cache-dir": "^2.1.0",
      "_find-up@2.1.0@find-up": "^2.1.0",
      "_find-up@3.0.0@find-up": "^3.0.0",
      "_find-up@4.1.0@find-up": "^4.1.0",
      "_flatten@1.0.3@flatten": "^1.0.3",
      "_flush-write-stream@1.1.1@flush-write-stream": "^1.1.1",
      "_follow-redirects@1.12.1@follow-redirects": "^1.12.1",
      "_for-in@0.1.8@for-in": "^0.1.8",
      "_for-in@1.0.2@for-in": "^1.0.2",
      "_for-own@0.1.5@for-own": "^0.1.5",
      "_forever-agent@0.6.1@forever-agent": "^0.6.1",
      "_fork-ts-checker-webpack-plugin@4.1.3@fork-ts-checker-webpack-plugin": "^4.1.3",
      "_form-data@2.3.3@form-data": "^2.3.3",
      "_form-data@2.5.1@form-data": "^2.5.1",
      "_format-util@1.0.5@format-util": "^1.0.5",
      "_forwarded@0.1.2@forwarded": "^0.1.2",
      "_fragment-cache@0.2.1@fragment-cache": "^0.2.1",
      "_fresh@0.5.2@fresh": "^0.5.2",
      "_friendly-errors-webpack-plugin@1.7.0@friendly-errors-webpack-plugin": "^1.7.0",
      "_from2@2.3.0@from2": "^2.3.0",
      "_fs-extra@7.0.1@fs-extra": "^7.0.1",
      "_fs-write-stream-atomic@1.0.10@fs-write-stream-atomic": "^1.0.10",
      "_fs.realpath@1.0.0@fs.realpath": "^1.0.0",
      "_fsevents@1.2.13@fsevents": "^1.2.13",
      "_fsevents@2.1.3@fsevents": "^2.1.3",
      "_function-bind@1.1.1@function-bind": "^1.1.1",
      "_gensync@1.0.0-beta.1@gensync": "^1.0.0-beta.1",
      "_get-caller-file@2.0.5@get-caller-file": "^2.0.5",
      "_get-stream@4.1.0@get-stream": "^4.1.0",
      "_get-stream@5.1.0@get-stream": "^5.1.0",
      "_get-value@2.0.6@get-value": "^2.0.6",
      "_getpass@0.1.7@getpass": "^0.1.7",
      "_glob-parent@3.1.0@glob-parent": "^3.1.0",
      "_glob-parent@5.1.1@glob-parent": "^5.1.1",
      "_glob@7.1.6@glob": "^7.1.6",
      "_globals@11.12.0@globals": "^11.12.0",
      "_globby@7.1.1@globby": "^7.1.1",
      "_got@9.6.0@got": "^9.6.0",
      "_graceful-fs@4.2.4@graceful-fs": "^4.2.4",
      "_gud@1.0.0@gud": "^1.0.0",
      "_gzip-size@5.1.1@gzip-size": "^5.1.1",
      "_handle-thing@2.0.1@handle-thing": "^2.0.1",
      "_har-schema@2.0.0@har-schema": "^2.0.0",
      "_har-validator@5.1.3@har-validator": "^5.1.3",
      "_has-ansi@2.0.0@has-ansi": "^2.0.0",
      "_has-flag@3.0.0@has-flag": "^3.0.0",
      "_has-flag@4.0.0@has-flag": "^4.0.0",
      "_has-symbols@1.0.1@has-symbols": "^1.0.1",
      "_has-value@0.3.1@has-value": "^0.3.1",
      "_has-value@1.0.0@has-value": "^1.0.0",
      "_has-values@0.1.4@has-values": "^0.1.4",
      "_has-values@1.0.0@has-values": "^1.0.0",
      "_has@1.0.3@has": "^1.0.3",
      "_hash-base@3.1.0@hash-base": "^3.1.0",
      "_hash.js@1.1.7@hash.js": "^1.1.7",
      "_hex-color-regex@1.1.0@hex-color-regex": "^1.1.0",
      "_history-with-query@4.10.3@history-with-query": "^4.10.3",
      "_history@4.10.1@history": "^4.10.1",
      "_hmac-drbg@1.0.1@hmac-drbg": "^1.0.1",
      "_hoist-non-react-statics@3.3.2@hoist-non-react-statics": "^3.3.2",
      "_hoopy@0.1.4@hoopy": "^0.1.4",
      "_hpack.js@2.1.6@hpack.js": "^2.1.6",
      "_hsl-regex@1.0.0@hsl-regex": "^1.0.0",
      "_hsla-regex@1.0.0@hsla-regex": "^1.0.0",
      "_html-comment-regex@1.1.2@html-comment-regex": "^1.1.2",
      "_htmlparser2@3.10.1@htmlparser2": "^3.10.1",
      "_http-cache-semantics@4.1.0@http-cache-semantics": "^4.1.0",
      "_http-deceiver@1.2.7@http-deceiver": "^1.2.7",
      "_http-errors@1.7.2@http-errors": "^1.7.2",
      "_http-errors@1.7.3@http-errors": "^1.7.3",
      "_http-parser-js@0.5.2@http-parser-js": "^0.5.2",
      "_http-proxy-middleware@1.0.3@http-proxy-middleware": "^1.0.3",
      "_http-proxy@1.18.1@http-proxy": "^1.18.1",
      "_http-signature@1.2.0@http-signature": "^1.2.0",
      "_https-browserify@1.0.0@https-browserify": "^1.0.0",
      "_human-signals@1.1.1@human-signals": "^1.1.1",
      "_iconv-lite@0.4.24@iconv-lite": "^0.4.24",
      "_icss-utils@4.1.1@icss-utils": "^4.1.1",
      "_ieee754@1.1.13@ieee754": "^1.1.13",
      "_iferr@0.1.5@iferr": "^0.1.5",
      "_ignore@3.3.10@ignore": "^3.3.10",
      "_image-size@0.5.5@image-size": "^0.5.5",
      "_immer@6.0.3@immer": "^6.0.3",
      "_import-cwd@2.1.0@import-cwd": "^2.1.0",
      "_import-fresh@2.0.0@import-fresh": "^2.0.0",
      "_import-from@2.1.0@import-from": "^2.1.0",
      "_imurmurhash@0.1.4@imurmurhash": "^0.1.4",
      "_indexes-of@1.0.1@indexes-of": "^1.0.1",
      "_infer-owner@1.0.4@infer-owner": "^1.0.4",
      "_inflight@1.0.6@inflight": "^1.0.6",
      "_inherits@2.0.1@inherits": "^2.0.1",
      "_inherits@2.0.3@inherits": "^2.0.3",
      "_inherits@2.0.4@inherits": "^2.0.4",
      "_invariant@2.2.4@invariant": "^2.2.4",
      "_invert-kv@3.0.1@invert-kv": "^3.0.1",
      "_ipaddr.js@1.9.1@ipaddr.js": "^1.9.1",
      "_is-absolute-url@2.1.0@is-absolute-url": "^2.1.0",
      "_is-accessor-descriptor@0.1.6@is-accessor-descriptor": "^0.1.6",
      "_is-accessor-descriptor@1.0.0@is-accessor-descriptor": "^1.0.0",
      "_is-arrayish@0.2.1@is-arrayish": "^0.2.1",
      "_is-arrayish@0.3.2@is-arrayish": "^0.3.2",
      "_is-binary-path@1.0.1@is-binary-path": "^1.0.1",
      "_is-binary-path@2.1.0@is-binary-path": "^2.1.0",
      "_is-buffer@1.1.6@is-buffer": "^1.1.6",
      "_is-callable@1.2.0@is-callable": "^1.2.0",
      "_is-color-stop@1.1.0@is-color-stop": "^1.1.0",
      "_is-data-descriptor@0.1.4@is-data-descriptor": "^0.1.4",
      "_is-data-descriptor@1.0.0@is-data-descriptor": "^1.0.0",
      "_is-date-object@1.0.2@is-date-object": "^1.0.2",
      "_is-descriptor@0.1.6@is-descriptor": "^0.1.6",
      "_is-descriptor@1.0.2@is-descriptor": "^1.0.2",
      "_is-directory@0.3.1@is-directory": "^0.3.1",
      "_is-docker@2.0.0@is-docker": "^2.0.0",
      "_is-extendable@0.1.1@is-extendable": "^0.1.1",
      "_is-extendable@1.0.1@is-extendable": "^1.0.1",
      "_is-extglob@2.1.1@is-extglob": "^2.1.1",
      "_is-fullwidth-code-point@2.0.0@is-fullwidth-code-point": "^2.0.0",
      "_is-fullwidth-code-point@3.0.0@is-fullwidth-code-point": "^3.0.0",
      "_is-glob@3.1.0@is-glob": "^3.1.0",
      "_is-glob@4.0.1@is-glob": "^4.0.1",
      "_is-number@3.0.0@is-number": "^3.0.0",
      "_is-number@7.0.0@is-number": "^7.0.0",
      "_is-obj@2.0.0@is-obj": "^2.0.0",
      "_is-plain-obj@1.1.0@is-plain-obj": "^1.1.0",
      "_is-plain-object@2.0.4@is-plain-object": "^2.0.4",
      "_is-promise@2.2.2@is-promise": "^2.2.2",
      "_is-regex@1.1.0@is-regex": "^1.1.0",
      "_is-resolvable@1.1.0@is-resolvable": "^1.1.0",
      "_is-stream@1.1.0@is-stream": "^1.1.0",
      "_is-stream@2.0.0@is-stream": "^2.0.0",
      "_is-svg@3.0.0@is-svg": "^3.0.0",
      "_is-symbol@1.0.3@is-symbol": "^1.0.3",
      "_is-typedarray@1.0.0@is-typedarray": "^1.0.0",
      "_is-windows@1.0.2@is-windows": "^1.0.2",
      "_is-wsl@1.1.0@is-wsl": "^1.1.0",
      "_is-wsl@2.2.0@is-wsl": "^2.2.0",
      "_isarray@0.0.1@isarray": "^0.0.1",
      "_isarray@1.0.0@isarray": "^1.0.0",
      "_isexe@2.0.0@isexe": "^2.0.0",
      "_isobject@2.1.0@isobject": "^2.1.0",
      "_isobject@3.0.1@isobject": "^3.0.1",
      "_isstream@0.1.2@isstream": "^0.1.2",
      "_javascript-stringify@2.0.1@javascript-stringify": "^2.0.1",
      "_joi2types@1.0.7@joi2types": "^1.0.7",
      "_js-tokens@3.0.2@js-tokens": "^3.0.2",
      "_js-tokens@4.0.0@js-tokens": "^4.0.0",
      "_js-yaml@3.14.0@js-yaml": "^3.14.0",
      "_jsbn@0.1.1@jsbn": "^0.1.1",
      "_jsesc@0.5.0@jsesc": "^0.5.0",
      "_jsesc@2.5.2@jsesc": "^2.5.2",
      "_json-buffer@3.0.0@json-buffer": "^3.0.0",
      "_json-parse-better-errors@1.0.2@json-parse-better-errors": "^1.0.2",
      "_json-schema-ref-parser@6.1.0@json-schema-ref-parser": "^6.1.0",
      "_json-schema-to-typescript@8.2.0@json-schema-to-typescript": "^8.2.0",
      "_json-schema-traverse@0.4.1@json-schema-traverse": "^0.4.1",
      "_json-schema@0.2.3@json-schema": "^0.2.3",
      "_json-stringify-safe@5.0.1@json-stringify-safe": "^5.0.1",
      "_json3@3.3.3@json3": "^3.3.3",
      "_json5@1.0.1@json5": "^1.0.1",
      "_json5@2.1.3@json5": "^2.1.3",
      "_jsonfile@4.0.0@jsonfile": "^4.0.0",
      "_jsprim@1.4.1@jsprim": "^1.4.1",
      "_keyv@3.1.0@keyv": "^3.1.0",
      "_kind-of@2.0.1@kind-of": "^2.0.1",
      "_kind-of@3.2.2@kind-of": "^3.2.2",
      "_kind-of@4.0.0@kind-of": "^4.0.0",
      "_kind-of@5.1.0@kind-of": "^5.1.0",
      "_kind-of@6.0.3@kind-of": "^6.0.3",
      "_kleur@4.0.1@kleur": "^4.0.1",
      "_last-call-webpack-plugin@3.0.0@last-call-webpack-plugin": "^3.0.0",
      "_lazy-cache@0.2.7@lazy-cache": "^0.2.7",
      "_lazy-cache@1.0.4@lazy-cache": "^1.0.4",
      "_lcid@3.1.1@lcid": "^3.1.1",
      "_less-loader@5.0.0@less-loader": "^5.0.0",
      "_less@3.11.1@less": "^3.11.1",
      "_levdist@1.0.0@levdist": "^1.0.0",
      "_leven@3.1.0@leven": "^3.1.0",
      "_levenary@1.1.1@levenary": "^1.1.1",
      "_line-diff@2.1.0@line-diff": "^2.1.0",
      "_load-json-file@4.0.0@load-json-file": "^4.0.0",
      "_loader-runner@2.4.0@loader-runner": "^2.4.0",
      "_loader-utils@1.4.0@loader-utils": "^1.4.0",
      "_loader-utils@2.0.0@loader-utils": "^2.0.0",
      "_locate-path@2.0.0@locate-path": "^2.0.0",
      "_locate-path@3.0.0@locate-path": "^3.0.0",
      "_locate-path@5.0.0@locate-path": "^5.0.0",
      "_lodash._reinterpolate@3.0.0@lodash._reinterpolate": "^3.0.0",
      "_lodash.memoize@4.1.2@lodash.memoize": "^4.1.2",
      "_lodash.template@4.5.0@lodash.template": "^4.5.0",
      "_lodash.templatesettings@4.2.0@lodash.templatesettings": "^4.2.0",
      "_lodash.toarray@4.4.0@lodash.toarray": "^4.4.0",
      "_lodash.uniq@4.5.0@lodash.uniq": "^4.5.0",
      "_lodash@4.17.15@lodash": "^4.17.15",
      "_loglevel@1.6.8@loglevel": "^1.6.8",
      "_loose-envify@1.4.0@loose-envify": "^1.4.0",
      "_lowercase-keys@1.0.1@lowercase-keys": "^1.0.1",
      "_lowercase-keys@2.0.0@lowercase-keys": "^2.0.0",
      "_lru-cache@5.1.1@lru-cache": "^5.1.1",
      "_lru-queue@0.1.0@lru-queue": "^0.1.0",
      "_make-dir@2.1.0@make-dir": "^2.1.0",
      "_map-age-cleaner@0.1.3@map-age-cleaner": "^0.1.3",
      "_map-cache@0.2.2@map-cache": "^0.2.2",
      "_map-visit@1.0.0@map-visit": "^1.0.0",
      "_marked-terminal@4.0.0@marked-terminal": "^4.0.0",
      "_marked@0.8.2@marked": "^0.8.2",
      "_md5.js@1.3.5@md5.js": "^1.3.5",
      "_mdn-data@2.0.4@mdn-data": "^2.0.4",
      "_mdn-data@2.0.6@mdn-data": "^2.0.6",
      "_media-typer@0.3.0@media-typer": "^0.3.0",
      "_mem@5.1.1@mem": "^5.1.1",
      "_memoizee@0.4.14@memoizee": "^0.4.14",
      "_memory-fs@0.4.1@memory-fs": "^0.4.1",
      "_memory-fs@0.5.0@memory-fs": "^0.5.0",
      "_merge-deep@3.0.2@merge-deep": "^3.0.2",
      "_merge-descriptors@1.0.1@merge-descriptors": "^1.0.1",
      "_merge-stream@2.0.0@merge-stream": "^2.0.0",
      "_methods@1.1.2@methods": "^1.1.2",
      "_microevent.ts@0.1.1@microevent.ts": "^0.1.1",
      "_micromatch@3.1.10@micromatch": "^3.1.10",
      "_micromatch@4.0.2@micromatch": "^4.0.2",
      "_miller-rabin@4.0.1@miller-rabin": "^4.0.1",
      "_mime-db@1.44.0@mime-db": "^1.44.0",
      "_mime-types@2.1.27@mime-types": "^2.1.27",
      "_mime@1.6.0@mime": "^1.6.0",
      "_mime@2.4.6@mime": "^2.4.6",
      "_mimic-fn@2.1.0@mimic-fn": "^2.1.0",
      "_mimic-response@1.0.1@mimic-response": "^1.0.1",
      "_mini-create-react-context@0.3.2@mini-create-react-context": "^0.3.2",
      "_mini-css-extract-plugin@0.9.0@mini-css-extract-plugin": "^0.9.0",
      "_minimalistic-assert@1.0.1@minimalistic-assert": "^1.0.1",
      "_minimalistic-crypto-utils@1.0.1@minimalistic-crypto-utils": "^1.0.1",
      "_minimatch@3.0.4@minimatch": "^3.0.4",
      "_minimist@1.2.5@minimist": "^1.2.5",
      "_mississippi@3.0.0@mississippi": "^3.0.0",
      "_mixin-deep@1.3.2@mixin-deep": "^1.3.2",
      "_mixin-object@2.0.1@mixin-object": "^2.0.1",
      "_mkdirp@0.5.5@mkdirp": "^0.5.5",
      "_mkdirp@1.0.4@mkdirp": "^1.0.4",
      "_move-concurrently@1.0.1@move-concurrently": "^1.0.1",
      "_ms@2.0.0@ms": "^2.0.0",
      "_ms@2.1.1@ms": "^2.1.1",
      "_ms@2.1.2@ms": "^2.1.2",
      "_multer@1.4.2@multer": "^1.4.2",
      "_mustache@4.0.1@mustache": "^4.0.1",
      "_mz@2.7.0@mz": "^2.7.0",
      "_nanomatch@1.2.13@nanomatch": "^1.2.13",
      "_negotiator@0.6.2@negotiator": "^0.6.2",
      "_neo-async@2.6.1@neo-async": "^2.6.1",
      "_next-tick@1.0.0@next-tick": "^1.0.0",
      "_next-tick@1.1.0@next-tick": "^1.1.0",
      "_nice-try@1.0.5@nice-try": "^1.0.5",
      "_node-emoji@1.10.0@node-emoji": "^1.10.0",
      "_node-libs-browser@2.2.1@node-libs-browser": "^2.2.1",
      "_node-modules-regexp@1.0.0@node-modules-regexp": "^1.0.0",
      "_node-releases@1.1.58@node-releases": "^1.1.58",
      "_normalize-path@2.1.1@normalize-path": "^2.1.1",
      "_normalize-path@3.0.0@normalize-path": "^3.0.0",
      "_normalize-range@0.1.2@normalize-range": "^0.1.2",
      "_normalize-url@1.9.1@normalize-url": "^1.9.1",
      "_normalize-url@3.3.0@normalize-url": "^3.3.0",
      "_normalize-url@4.5.0@normalize-url": "^4.5.0",
      "_npm-run-path@2.0.2@npm-run-path": "^2.0.2",
      "_npm-run-path@4.0.1@npm-run-path": "^4.0.1",
      "_nth-check@1.0.2@nth-check": "^1.0.2",
      "_num2fraction@1.2.2@num2fraction": "^1.2.2",
      "_oauth-sign@0.9.0@oauth-sign": "^0.9.0",
      "_object-assign@4.1.1@object-assign": "^4.1.1",
      "_object-copy@0.1.0@object-copy": "^0.1.0",
      "_object-inspect@1.8.0@object-inspect": "^1.8.0",
      "_object-keys@1.1.1@object-keys": "^1.1.1",
      "_object-visit@1.0.1@object-visit": "^1.0.1",
      "_object.assign@4.1.0@object.assign": "^4.1.0",
      "_object.entries@1.1.2@object.entries": "^1.1.2",
      "_object.getownpropertydescriptors@2.1.0@object.getownpropertydescriptors": "^2.1.0",
      "_object.pick@1.3.0@object.pick": "^1.3.0",
      "_object.values@1.1.1@object.values": "^1.1.1",
      "_obuf@1.1.2@obuf": "^1.1.2",
      "_on-finished@2.3.0@on-finished": "^2.3.0",
      "_on-headers@1.0.2@on-headers": "^1.0.2",
      "_once@1.4.0@once": "^1.4.0",
      "_onetime@5.1.0@onetime": "^5.1.0",
      "_ono@4.0.11@ono": "^4.0.11",
      "_opener@1.5.1@opener": "^1.5.1",
      "_optimize-css-assets-webpack-plugin@5.0.3@optimize-css-assets-webpack-plugin": "^5.0.3",
      "_original@1.0.2@original": "^1.0.2",
      "_os-browserify@0.3.0@os-browserify": "^0.3.0",
      "_os-locale@5.0.0@os-locale": "^5.0.0",
      "_p-cancelable@1.1.0@p-cancelable": "^1.1.0",
      "_p-defer@1.0.0@p-defer": "^1.0.0",
      "_p-finally@1.0.0@p-finally": "^1.0.0",
      "_p-is-promise@2.1.0@p-is-promise": "^2.1.0",
      "_p-limit@1.3.0@p-limit": "^1.3.0",
      "_p-limit@2.3.0@p-limit": "^2.3.0",
      "_p-locate@2.0.0@p-locate": "^2.0.0",
      "_p-locate@3.0.0@p-locate": "^3.0.0",
      "_p-locate@4.1.0@p-locate": "^4.1.0",
      "_p-try@1.0.0@p-try": "^1.0.0",
      "_p-try@2.2.0@p-try": "^2.2.0",
      "_pako@1.0.11@pako": "^1.0.11",
      "_parallel-transform@1.2.0@parallel-transform": "^1.2.0",
      "_parse-asn1@5.1.5@parse-asn1": "^5.1.5",
      "_parse-json@4.0.0@parse-json": "^4.0.0",
      "_parse5@3.0.3@parse5": "^3.0.3",
      "_parseurl@1.3.3@parseurl": "^1.3.3",
      "_pascalcase@0.1.1@pascalcase": "^0.1.1",
      "_path-browserify@0.0.1@path-browserify": "^0.0.1",
      "_path-dirname@1.0.2@path-dirname": "^1.0.2",
      "_path-exists@3.0.0@path-exists": "^3.0.0",
      "_path-exists@4.0.0@path-exists": "^4.0.0",
      "_path-is-absolute@1.0.1@path-is-absolute": "^1.0.1",
      "_path-key@2.0.1@path-key": "^2.0.1",
      "_path-key@3.1.1@path-key": "^3.1.1",
      "_path-parse@1.0.6@path-parse": "^1.0.6",
      "_path-to-regexp@0.1.7@path-to-regexp": "^0.1.7",
      "_path-to-regexp@1.8.0@path-to-regexp": "^1.8.0",
      "_path-type@3.0.0@path-type": "^3.0.0",
      "_pbkdf2@3.1.1@pbkdf2": "^3.1.1",
      "_performance-now@2.1.0@performance-now": "^2.1.0",
      "_picomatch@2.2.2@picomatch": "^2.2.2",
      "_pify@3.0.0@pify": "^3.0.0",
      "_pify@4.0.1@pify": "^4.0.1",
      "_pirates@4.0.1@pirates": "^4.0.1",
      "_pkg-conf@2.1.0@pkg-conf": "^2.1.0",
      "_pkg-dir@3.0.0@pkg-dir": "^3.0.0",
      "_pkg-up@2.0.0@pkg-up": "^2.0.0",
      "_pkg-up@3.1.0@pkg-up": "^3.1.0",
      "_portfinder@1.0.25@portfinder": "^1.0.25",
      "_posix-character-classes@0.1.1@posix-character-classes": "^0.1.1",
      "_postcss-attribute-case-insensitive@4.0.2@postcss-attribute-case-insensitive": "^4.0.2",
      "_postcss-calc@7.0.2@postcss-calc": "^7.0.2",
      "_postcss-color-functional-notation@2.0.1@postcss-color-functional-notation": "^2.0.1",
      "_postcss-color-gray@5.0.0@postcss-color-gray": "^5.0.0",
      "_postcss-color-hex-alpha@5.0.3@postcss-color-hex-alpha": "^5.0.3",
      "_postcss-color-mod-function@3.0.3@postcss-color-mod-function": "^3.0.3",
      "_postcss-color-rebeccapurple@4.0.1@postcss-color-rebeccapurple": "^4.0.1",
      "_postcss-colormin@4.0.3@postcss-colormin": "^4.0.3",
      "_postcss-convert-values@4.0.1@postcss-convert-values": "^4.0.1",
      "_postcss-custom-media@7.0.8@postcss-custom-media": "^7.0.8",
      "_postcss-custom-properties@8.0.11@postcss-custom-properties": "^8.0.11",
      "_postcss-custom-selectors@5.1.2@postcss-custom-selectors": "^5.1.2",
      "_postcss-dir-pseudo-class@5.0.0@postcss-dir-pseudo-class": "^5.0.0",
      "_postcss-discard-comments@4.0.2@postcss-discard-comments": "^4.0.2",
      "_postcss-discard-duplicates@4.0.2@postcss-discard-duplicates": "^4.0.2",
      "_postcss-discard-empty@4.0.1@postcss-discard-empty": "^4.0.1",
      "_postcss-discard-overridden@4.0.1@postcss-discard-overridden": "^4.0.1",
      "_postcss-double-position-gradients@1.0.0@postcss-double-position-gradients": "^1.0.0",
      "_postcss-env-function@2.0.2@postcss-env-function": "^2.0.2",
      "_postcss-flexbugs-fixes@4.2.0@postcss-flexbugs-fixes": "^4.2.0",
      "_postcss-focus-visible@4.0.0@postcss-focus-visible": "^4.0.0",
      "_postcss-focus-within@3.0.0@postcss-focus-within": "^3.0.0",
      "_postcss-font-variant@4.0.0@postcss-font-variant": "^4.0.0",
      "_postcss-gap-properties@2.0.0@postcss-gap-properties": "^2.0.0",
      "_postcss-image-set-function@3.0.1@postcss-image-set-function": "^3.0.1",
      "_postcss-initial@3.0.2@postcss-initial": "^3.0.2",
      "_postcss-lab-function@2.0.1@postcss-lab-function": "^2.0.1",
      "_postcss-load-config@2.1.0@postcss-load-config": "^2.1.0",
      "_postcss-loader@3.0.0@postcss-loader": "^3.0.0",
      "_postcss-logical@3.0.0@postcss-logical": "^3.0.0",
      "_postcss-media-minmax@4.0.0@postcss-media-minmax": "^4.0.0",
      "_postcss-merge-longhand@4.0.11@postcss-merge-longhand": "^4.0.11",
      "_postcss-merge-rules@4.0.3@postcss-merge-rules": "^4.0.3",
      "_postcss-minify-font-values@4.0.2@postcss-minify-font-values": "^4.0.2",
      "_postcss-minify-gradients@4.0.2@postcss-minify-gradients": "^4.0.2",
      "_postcss-minify-params@4.0.2@postcss-minify-params": "^4.0.2",
      "_postcss-minify-selectors@4.0.2@postcss-minify-selectors": "^4.0.2",
      "_postcss-modules-extract-imports@2.0.0@postcss-modules-extract-imports": "^2.0.0",
      "_postcss-modules-local-by-default@3.0.2@postcss-modules-local-by-default": "^3.0.2",
      "_postcss-modules-scope@2.2.0@postcss-modules-scope": "^2.2.0",
      "_postcss-modules-values@3.0.0@postcss-modules-values": "^3.0.0",
      "_postcss-nesting@7.0.1@postcss-nesting": "^7.0.1",
      "_postcss-normalize-charset@4.0.1@postcss-normalize-charset": "^4.0.1",
      "_postcss-normalize-display-values@4.0.2@postcss-normalize-display-values": "^4.0.2",
      "_postcss-normalize-positions@4.0.2@postcss-normalize-positions": "^4.0.2",
      "_postcss-normalize-repeat-style@4.0.2@postcss-normalize-repeat-style": "^4.0.2",
      "_postcss-normalize-string@4.0.2@postcss-normalize-string": "^4.0.2",
      "_postcss-normalize-timing-functions@4.0.2@postcss-normalize-timing-functions": "^4.0.2",
      "_postcss-normalize-unicode@4.0.1@postcss-normalize-unicode": "^4.0.1",
      "_postcss-normalize-url@4.0.1@postcss-normalize-url": "^4.0.1",
      "_postcss-normalize-whitespace@4.0.2@postcss-normalize-whitespace": "^4.0.2",
      "_postcss-ordered-values@4.1.2@postcss-ordered-values": "^4.1.2",
      "_postcss-overflow-shorthand@2.0.0@postcss-overflow-shorthand": "^2.0.0",
      "_postcss-page-break@2.0.0@postcss-page-break": "^2.0.0",
      "_postcss-place@4.0.1@postcss-place": "^4.0.1",
      "_postcss-preset-env@6.7.0@postcss-preset-env": "^6.7.0",
      "_postcss-pseudo-class-any-link@6.0.0@postcss-pseudo-class-any-link": "^6.0.0",
      "_postcss-reduce-initial@4.0.3@postcss-reduce-initial": "^4.0.3",
      "_postcss-reduce-transforms@4.0.2@postcss-reduce-transforms": "^4.0.2",
      "_postcss-replace-overflow-wrap@3.0.0@postcss-replace-overflow-wrap": "^3.0.0",
      "_postcss-safe-parser@4.0.2@postcss-safe-parser": "^4.0.2",
      "_postcss-selector-matches@4.0.0@postcss-selector-matches": "^4.0.0",
      "_postcss-selector-not@4.0.0@postcss-selector-not": "^4.0.0",
      "_postcss-selector-parser@3.1.2@postcss-selector-parser": "^3.1.2",
      "_postcss-selector-parser@5.0.0@postcss-selector-parser": "^5.0.0",
      "_postcss-selector-parser@6.0.2@postcss-selector-parser": "^6.0.2",
      "_postcss-svgo@4.0.2@postcss-svgo": "^4.0.2",
      "_postcss-unique-selectors@4.0.1@postcss-unique-selectors": "^4.0.1",
      "_postcss-value-parser@3.3.1@postcss-value-parser": "^3.3.1",
      "_postcss-value-parser@4.1.0@postcss-value-parser": "^4.1.0",
      "_postcss-values-parser@2.0.1@postcss-values-parser": "^2.0.1",
      "_postcss@7.0.27@postcss": "^7.0.27",
      "_postcss@7.0.32@postcss": "^7.0.32",
      "_prepend-http@1.0.4@prepend-http": "^1.0.4",
      "_prepend-http@2.0.0@prepend-http": "^2.0.0",
      "_prettier@1.19.1@prettier": "^1.19.1",
      "_prettier@2.0.4@prettier": "^2.0.4",
      "_pretty-time@1.1.0@pretty-time": "^1.1.0",
      "_private@0.1.8@private": "^0.1.8",
      "_process-nextick-args@2.0.1@process-nextick-args": "^2.0.1",
      "_process@0.11.10@process": "^0.11.10",
      "_promise-inflight@1.0.1@promise-inflight": "^1.0.1",
      "_promise@7.3.1@promise": "^7.3.1",
      "_prop-types@15.7.2@prop-types": "^15.7.2",
      "_proxy-addr@2.0.6@proxy-addr": "^2.0.6",
      "_prr@1.0.1@prr": "^1.0.1",
      "_psl@1.8.0@psl": "^1.8.0",
      "_public-encrypt@4.0.3@public-encrypt": "^4.0.3",
      "_pump@2.0.1@pump": "^2.0.1",
      "_pump@3.0.0@pump": "^3.0.0",
      "_pumpify@1.5.1@pumpify": "^1.5.1",
      "_punycode@1.3.2@punycode": "^1.3.2",
      "_punycode@1.4.1@punycode": "^1.4.1",
      "_punycode@2.1.1@punycode": "^2.1.1",
      "_q@1.5.1@q": "^1.5.1",
      "_qs@6.5.2@qs": "^6.5.2",
      "_qs@6.7.0@qs": "^6.7.0",
      "_query-string@4.3.4@query-string": "^4.3.4",
      "_query-string@6.13.1@query-string": "^6.13.1",
      "_querystring-es3@0.2.1@querystring-es3": "^0.2.1",
      "_querystring@0.2.0@querystring": "^0.2.0",
      "_querystringify@2.1.1@querystringify": "^2.1.1",
      "_randombytes@2.1.0@randombytes": "^2.1.0",
      "_randomfill@1.0.4@randomfill": "^1.0.4",
      "_range-parser@1.2.1@range-parser": "^1.2.1",
      "_raw-body@2.4.0@raw-body": "^2.4.0",
      "_raw-loader@4.0.1@raw-loader": "^4.0.1",
      "_react-dom@16.13.1@react-dom": "^16.13.1",
      "_react-error-overlay@6.0.7@react-error-overlay": "^6.0.7",
      "_react-is@16.13.1@react-is": "^16.13.1",
      "_react-router-config@5.1.1@react-router-config": "^5.1.1",
      "_react-router-dom@5.1.2@react-router-dom": "^5.1.2",
      "_react-router@5.1.2@react-router": "^5.1.2",
      "_react@16.13.1@react": "^16.13.1",
      "_readable-stream@1.1.14@readable-stream": "^1.1.14",
      "_readable-stream@2.3.7@readable-stream": "^2.3.7",
      "_readable-stream@3.6.0@readable-stream": "^3.6.0",
      "_readdirp@2.2.1@readdirp": "^2.2.1",
      "_readdirp@3.3.0@readdirp": "^3.3.0",
      "_readdirp@3.4.0@readdirp": "^3.4.0",
      "_redeyed@2.1.1@redeyed": "^2.1.1",
      "_regenerate-unicode-properties@8.2.0@regenerate-unicode-properties": "^8.2.0",
      "_regenerate@1.4.1@regenerate": "^1.4.1",
      "_regenerator-runtime@0.13.5@regenerator-runtime": "^0.13.5",
      "_regenerator-transform@0.14.4@regenerator-transform": "^0.14.4",
      "_regex-not@1.0.2@regex-not": "^1.0.2",
      "_regexpu-core@4.7.0@regexpu-core": "^4.7.0",
      "_regjsgen@0.5.2@regjsgen": "^0.5.2",
      "_regjsparser@0.6.4@regjsparser": "^0.6.4",
      "_remove-trailing-separator@1.1.0@remove-trailing-separator": "^1.1.0",
      "_repeat-element@1.1.3@repeat-element": "^1.1.3",
      "_repeat-string@1.6.1@repeat-string": "^1.6.1",
      "_request@2.88.2@request": "^2.88.2",
      "_require-directory@2.1.1@require-directory": "^2.1.1",
      "_require-main-filename@2.0.0@require-main-filename": "^2.0.0",
      "_requires-port@1.0.0@requires-port": "^1.0.0",
      "_resolve-cwd@3.0.0@resolve-cwd": "^3.0.0",
      "_resolve-from@3.0.0@resolve-from": "^3.0.0",
      "_resolve-from@5.0.0@resolve-from": "^5.0.0",
      "_resolve-pathname@3.0.0@resolve-pathname": "^3.0.0",
      "_resolve-url@0.2.1@resolve-url": "^0.2.1",
      "_resolve@1.16.1@resolve": "^1.16.1",
      "_resolve@1.17.0@resolve": "^1.17.0",
      "_responselike@1.0.2@responselike": "^1.0.2",
      "_ret@0.1.15@ret": "^0.1.15",
      "_rgb-regex@1.0.1@rgb-regex": "^1.0.1",
      "_rgba-regex@1.0.0@rgba-regex": "^1.0.0",
      "_rimraf@2.7.1@rimraf": "^2.7.1",
      "_rimraf@3.0.2@rimraf": "^3.0.2",
      "_ripemd160@2.0.2@ripemd160": "^2.0.2",
      "_run-queue@1.0.3@run-queue": "^1.0.3",
      "_safe-buffer@5.1.2@safe-buffer": "^5.1.2",
      "_safe-buffer@5.2.1@safe-buffer": "^5.2.1",
      "_safe-regex@1.1.0@safe-regex": "^1.1.0",
      "_safer-buffer@2.1.2@safer-buffer": "^2.1.2",
      "_sax@1.2.4@sax": "^1.2.4",
      "_scheduler@0.19.1@scheduler": "^0.19.1",
      "_schema-utils@1.0.0@schema-utils": "^1.0.0",
      "_schema-utils@2.7.0@schema-utils": "^2.7.0",
      "_select-hose@2.0.0@select-hose": "^2.0.0",
      "_semver@5.7.1@semver": "^5.7.1",
      "_semver@6.3.0@semver": "^6.3.0",
      "_semver@7.0.0@semver": "^7.0.0",
      "_semver@7.3.2@semver": "^7.3.2",
      "_send@0.17.1@send": "^0.17.1",
      "_serialize-javascript@2.1.2@serialize-javascript": "^2.1.2",
      "_serialize-javascript@3.0.0@serialize-javascript": "^3.0.0",
      "_serialize-javascript@3.1.0@serialize-javascript": "^3.1.0",
      "_serve-static@1.14.1@serve-static": "^1.14.1",
      "_set-blocking@2.0.0@set-blocking": "^2.0.0",
      "_set-value@2.0.1@set-value": "^2.0.1",
      "_set-value@3.0.2@set-value": "^3.0.2",
      "_setimmediate@1.0.5@setimmediate": "^1.0.5",
      "_setprototypeof@1.1.1@setprototypeof": "^1.1.1",
      "_sha.js@2.4.11@sha.js": "^2.4.11",
      "_shallow-clone@0.1.2@shallow-clone": "^0.1.2",
      "_shebang-command@1.2.0@shebang-command": "^1.2.0",
      "_shebang-command@2.0.0@shebang-command": "^2.0.0",
      "_shebang-regex@1.0.0@shebang-regex": "^1.0.0",
      "_shebang-regex@3.0.0@shebang-regex": "^3.0.0",
      "_signal-exit@3.0.3@signal-exit": "^3.0.3",
      "_signale@1.4.0@signale": "^1.4.0",
      "_simple-swizzle@0.2.2@simple-swizzle": "^0.2.2",
      "_slash@1.0.0@slash": "^1.0.0",
      "_snapdragon-node@2.1.1@snapdragon-node": "^2.1.1",
      "_snapdragon-util@3.0.1@snapdragon-util": "^3.0.1",
      "_snapdragon@0.8.2@snapdragon": "^0.8.2",
      "_sockjs-client@1.4.0@sockjs-client": "^1.4.0",
      "_sockjs@0.3.20@sockjs": "^0.3.20",
      "_sort-keys@1.1.2@sort-keys": "^1.1.2",
      "_source-list-map@2.0.1@source-list-map": "^2.0.1",
      "_source-map-resolve@0.5.3@source-map-resolve": "^0.5.3",
      "_source-map-support@0.5.19@source-map-support": "^0.5.19",
      "_source-map-url@0.4.0@source-map-url": "^0.4.0",
      "_source-map@0.5.7@source-map": "^0.5.7",
      "_source-map@0.6.1@source-map": "^0.6.1",
      "_source-map@0.7.3@source-map": "^0.7.3",
      "_spdy-transport@3.0.0@spdy-transport": "^3.0.0",
      "_spdy@4.0.2@spdy": "^4.0.2",
      "_speed-measure-webpack-plugin@1.3.3@speed-measure-webpack-plugin": "^1.3.3",
      "_split-on-first@1.1.0@split-on-first": "^1.1.0",
      "_split-string@3.1.0@split-string": "^3.1.0",
      "_sprintf-js@1.0.3@sprintf-js": "^1.0.3",
      "_sshpk@1.16.1@sshpk": "^1.16.1",
      "_ssri@6.0.1@ssri": "^6.0.1",
      "_stable@0.1.8@stable": "^0.1.8",
      "_stackframe@1.2.0@stackframe": "^1.2.0",
      "_static-extend@0.1.2@static-extend": "^0.1.2",
      "_statuses@1.5.0@statuses": "^1.5.0",
      "_std-env@2.2.1@std-env": "^2.2.1",
      "_stdin@0.0.1@stdin": "^0.0.1",
      "_stream-browserify@2.0.2@stream-browserify": "^2.0.2",
      "_stream-each@1.2.3@stream-each": "^1.2.3",
      "_stream-http@2.8.3@stream-http": "^2.8.3",
      "_stream-shift@1.0.1@stream-shift": "^1.0.1",
      "_streamsearch@0.1.2@streamsearch": "^0.1.2",
      "_strict-uri-encode@1.1.0@strict-uri-encode": "^1.1.0",
      "_strict-uri-encode@2.0.0@strict-uri-encode": "^2.0.0",
      "_string-width@2.1.1@string-width": "^2.1.1",
      "_string-width@4.2.0@string-width": "^4.2.0",
      "_string.prototype.trimend@1.0.1@string.prototype.trimend": "^1.0.1",
      "_string.prototype.trimstart@1.0.1@string.prototype.trimstart": "^1.0.1",
      "_string_decoder@0.10.31@string_decoder": "^0.10.31",
      "_string_decoder@1.1.1@string_decoder": "^1.1.1",
      "_string_decoder@1.3.0@string_decoder": "^1.3.0",
      "_strip-ansi@3.0.1@strip-ansi": "^3.0.1",
      "_strip-ansi@4.0.0@strip-ansi": "^4.0.0",
      "_strip-ansi@6.0.0@strip-ansi": "^6.0.0",
      "_strip-bom@3.0.0@strip-bom": "^3.0.0",
      "_strip-eof@1.0.0@strip-eof": "^1.0.0",
      "_strip-final-newline@2.0.0@strip-final-newline": "^2.0.0",
      "_style-loader@1.1.4@style-loader": "^1.1.4",
      "_stylehacks@4.0.3@stylehacks": "^4.0.3",
      "_supports-color@2.0.0@supports-color": "^2.0.0",
      "_supports-color@5.5.0@supports-color": "^5.5.0",
      "_supports-color@6.1.0@supports-color": "^6.1.0",
      "_supports-color@7.1.0@supports-color": "^7.1.0",
      "_supports-hyperlinks@2.1.0@supports-hyperlinks": "^2.1.0",
      "_svg-parser@2.0.4@svg-parser": "^2.0.4",
      "_svgo@1.3.2@svgo": "^1.3.2",
      "_tapable@1.1.3@tapable": "^1.1.3",
      "_terser-webpack-plugin@1.4.4@terser-webpack-plugin": "^1.4.4",
      "_terser@4.8.0@terser": "^4.8.0",
      "_text-table@0.2.0@text-table": "^0.2.0",
      "_thenify-all@1.6.0@thenify-all": "^1.6.0",
      "_thenify@3.3.1@thenify": "^3.3.1",
      "_through2@2.0.5@through2": "^2.0.5",
      "_timers-browserify@2.0.11@timers-browserify": "^2.0.11",
      "_timers-ext@0.1.7@timers-ext": "^0.1.7",
      "_timsort@0.3.0@timsort": "^0.3.0",
      "_tiny-invariant@1.1.0@tiny-invariant": "^1.1.0",
      "_tiny-warning@1.0.3@tiny-warning": "^1.0.3",
      "_to-arraybuffer@1.0.1@to-arraybuffer": "^1.0.1",
      "_to-fast-properties@2.0.0@to-fast-properties": "^2.0.0",
      "_to-object-path@0.3.0@to-object-path": "^0.3.0",
      "_to-readable-stream@1.0.0@to-readable-stream": "^1.0.0",
      "_to-regex-range@2.1.1@to-regex-range": "^2.1.1",
      "_to-regex-range@5.0.1@to-regex-range": "^5.0.1",
      "_to-regex@3.0.2@to-regex": "^3.0.2",
      "_toidentifier@1.0.0@toidentifier": "^1.0.0",
      "_tough-cookie@2.5.0@tough-cookie": "^2.5.0",
      "_tryer@1.0.1@tryer": "^1.0.1",
      "_tslib@1.13.0@tslib": "^1.13.0",
      "_tty-browserify@0.0.0@tty-browserify": "^0.0.0",
      "_tunnel-agent@0.6.0@tunnel-agent": "^0.6.0",
      "_tweetnacl@0.14.5@tweetnacl": "^0.14.5",
      "_type-fest@0.11.0@type-fest": "^0.11.0",
      "_type-is@1.6.18@type-is": "^1.6.18",
      "_type@1.2.0@type": "^1.2.0",
      "_type@2.0.0@type": "^2.0.0",
      "_typedarray@0.0.6@typedarray": "^0.0.6",
      "_umi-webpack-bundle-analyzer@3.5.0@umi-webpack-bundle-analyzer": "^3.5.0",
      "_umi@3.2.3@umi": "^3.2.3",
      "_unicode-canonical-property-names-ecmascript@1.0.4@unicode-canonical-property-names-ecmascript": "^1.0.4",
      "_unicode-match-property-ecmascript@1.0.4@unicode-match-property-ecmascript": "^1.0.4",
      "_unicode-match-property-value-ecmascript@1.2.0@unicode-match-property-value-ecmascript": "^1.2.0",
      "_unicode-property-aliases-ecmascript@1.1.0@unicode-property-aliases-ecmascript": "^1.1.0",
      "_union-value@1.0.1@union-value": "^1.0.1",
      "_uniq@1.0.1@uniq": "^1.0.1",
      "_uniqs@2.0.0@uniqs": "^2.0.0",
      "_unique-filename@1.1.1@unique-filename": "^1.1.1",
      "_unique-slug@2.0.2@unique-slug": "^2.0.2",
      "_universalify@0.1.2@universalify": "^0.1.2",
      "_unpipe@1.0.0@unpipe": "^1.0.0",
      "_unquote@1.1.1@unquote": "^1.1.1",
      "_unset-value@1.0.0@unset-value": "^1.0.0",
      "_upath@1.2.0@upath": "^1.2.0",
      "_uri-js@4.2.2@uri-js": "^4.2.2",
      "_urix@0.1.0@urix": "^0.1.0",
      "_url-loader@4.1.0@url-loader": "^4.1.0",
      "_url-parse-lax@3.0.0@url-parse-lax": "^3.0.0",
      "_url-parse@1.4.7@url-parse": "^1.4.7",
      "_url@0.11.0@url": "^0.11.0",
      "_use-subscription@1.4.1@use-subscription": "^1.4.1",
      "_use@3.1.1@use": "^3.1.1",
      "_util-deprecate@1.0.2@util-deprecate": "^1.0.2",
      "_util.promisify@1.0.1@util.promisify": "^1.0.1",
      "_util@0.10.3@util": "^0.10.3",
      "_util@0.11.1@util": "^0.11.1",
      "_utils-merge@1.0.1@utils-merge": "^1.0.1",
      "_uuid@3.4.0@uuid": "^3.4.0",
      "_value-equal@1.0.1@value-equal": "^1.0.1",
      "_vary@1.1.2@vary": "^1.1.2",
      "_vendors@1.0.4@vendors": "^1.0.4",
      "_verror@1.10.0@verror": "^1.10.0",
      "_vm-browserify@1.1.2@vm-browserify": "^1.1.2",
      "_watchpack-chokidar2@2.0.0@watchpack-chokidar2": "^2.0.0",
      "_watchpack@1.7.2@watchpack": "^1.7.2",
      "_wbuf@1.7.3@wbuf": "^1.7.3",
      "_webpack-chain@6.4.0@webpack-chain": "^6.4.0",
      "_webpack-dev-middleware@3.7.2@webpack-dev-middleware": "^3.7.2",
      "_webpack-log@2.0.0@webpack-log": "^2.0.0",
      "_webpack-manifest-plugin@2.2.0@webpack-manifest-plugin": "^2.2.0",
      "_webpack-sources@1.4.3@webpack-sources": "^1.4.3",
      "_webpack@4.42.1@webpack": "^4.42.1",
      "_webpackbar@4.0.0@webpackbar": "^4.0.0",
      "_websocket-driver@0.6.5@websocket-driver": "^0.6.5",
      "_websocket-driver@0.7.4@websocket-driver": "^0.7.4",
      "_websocket-extensions@0.1.4@websocket-extensions": "^0.1.4",
      "_which-module@2.0.0@which-module": "^2.0.0",
      "_which@1.3.1@which": "^1.3.1",
      "_which@2.0.2@which": "^2.0.2",
      "_worker-farm@1.7.0@worker-farm": "^1.7.0",
      "_worker-rpc@0.1.1@worker-rpc": "^0.1.1",
      "_wrap-ansi@6.2.0@wrap-ansi": "^6.2.0",
      "_wrappy@1.0.2@wrappy": "^1.0.2",
      "_ws@6.2.1@ws": "^6.2.1",
      "_xtend@4.0.2@xtend": "^4.0.2",
      "_y18n@4.0.0@y18n": "^4.0.0",
      "_yallist@3.1.1@yallist": "^3.1.1",
      "_yargs-parser@18.1.3@yargs-parser": "^18.1.3",
      "_yargs@15.3.1@yargs": "^15.3.1",
      "_zlib@1.0.5@zlib": "^1.0.5",
      "accepts": "^1.3.7",
      "acorn": "^6.4.1",
      "acorn-walk": "^6.2.0",
      "address": "^1.1.2",
      "ajv": "^6.12.2",
      "ajv-errors": "^1.0.1",
      "ajv-keywords": "^3.5.0",
      "alphanum-sort": "^1.0.2",
      "ansi-colors": "^3.2.4",
      "ansi-escapes": "^4.3.1",
      "ansi-regex": "^5.0.0",
      "ansi-styles": "^4.2.1",
      "ansicolors": "^0.3.2",
      "antd": "^4.3.4",
      "any-promise": "^1.3.0",
      "anymatch": "^3.1.1",
      "append-field": "^1.0.0",
      "aproba": "^1.2.0",
      "arch": "^2.1.2",
      "argparse": "^1.0.10",
      "arr-diff": "^4.0.0",
      "arr-flatten": "^1.1.0",
      "arr-union": "^3.1.0",
      "array-flatten": "^1.1.1",
      "array-union": "^1.0.2",
      "array-uniq": "^1.0.3",
      "array-unique": "^0.3.2",
      "asap": "^2.0.6",
      "asn1": "^0.2.4",
      "asn1.js": "^4.10.1",
      "assert": "^1.5.0",
      "assert-plus": "^1.0.0",
      "assign-symbols": "^1.0.0",
      "async": "^2.6.3",
      "async-each": "^1.0.3",
      "async-limiter": "^1.0.1",
      "asynckit": "^0.4.0",
      "atob": "^2.1.2",
      "autoprefixer": "^9.8.1",
      "aws-sign2": "^0.7.0",
      "aws4": "^1.10.0",
      "babel-code-frame": "^6.26.0",
      "babel-loader": "^8.1.0",
      "babel-plugin-dynamic-import-node": "^2.3.3",
      "babel-plugin-import": "^1.13.0",
      "babel-plugin-named-asset-import": "^0.3.6",
      "babel-plugin-react-require": "^3.1.3",
      "babel-plugin-transform-react-remove-prop-types": "^0.4.24",
      "balanced-match": "^1.0.0",
      "base": "^0.11.2",
      "base64-js": "^1.3.1",
      "bcrypt-pbkdf": "^1.0.2",
      "bfj": "^6.1.2",
      "big.js": "^5.2.2",
      "binary-extensions": "^2.0.0",
      "bluebird": "^3.7.2",
      "bn.js": "^5.1.2",
      "body-parser": "^1.19.0",
      "boolbase": "^1.0.0",
      "brace-expansion": "^1.1.11",
      "braces": "^3.0.2",
      "brorand": "^1.1.0",
      "browserify-aes": "^1.2.0",
      "browserify-cipher": "^1.0.1",
      "browserify-des": "^1.0.2",
      "browserify-rsa": "^4.0.1",
      "browserify-sign": "^4.2.0",
      "browserify-zlib": "^0.2.0",
      "browserslist": "^4.12.0",
      "buffer": "^4.9.2",
      "buffer-from": "^1.1.1",
      "buffer-xor": "^1.0.3",
      "builtin-status-codes": "^3.0.0",
      "busboy": "^0.2.14",
      "bytes": "^3.1.0",
      "cacache": "^12.0.4",
      "cache-base": "^1.0.1",
      "cacheable-request": "^6.1.0",
      "call-me-maybe": "^1.0.1",
      "caller-callsite": "^2.0.0",
      "caller-path": "^2.0.0",
      "callsites": "^2.0.0",
      "camelcase": "^5.3.1",
      "caniuse-api": "^3.0.0",
      "caniuse-lite": "^1.0.30001084",
      "cardinal": "^2.1.1",
      "caseless": "^0.12.0",
      "chalk": "^4.0.0",
      "check-types": "^8.0.3",
      "cheerio": "^1.0.0-rc.3",
      "chokidar": "^3.4.0",
      "chownr": "^1.1.4",
      "chrome-trace-event": "^1.0.2",
      "ci-info": "^1.6.0",
      "cipher-base": "^1.0.4",
      "class-utils": "^0.3.6",
      "cli-color": "^1.4.0",
      "cli-table": "^0.3.1",
      "clipboardy": "^2.3.0",
      "cliui": "^6.0.0",
      "clone": "^2.1.2",
      "clone-deep": "^0.2.4",
      "clone-response": "^1.0.2",
      "coa": "^2.0.2",
      "collection-visit": "^1.0.0",
      "color": "^3.1.2",
      "color-convert": "^2.0.1",
      "color-name": "^1.1.4",
      "color-string": "^1.5.3",
      "colors": "^1.0.3",
      "combined-stream": "^1.0.8",
      "commander": "^2.20.3",
      "commondir": "^1.0.1",
      "component-emitter": "^1.3.0",
      "compressible": "^2.0.18",
      "compression": "^1.7.4",
      "concat-map": "^0.0.1",
      "concat-stream": "^1.6.2",
      "consola": "^2.13.0",
      "console-browserify": "^1.2.0",
      "constants-browserify": "^1.0.0",
      "content-disposition": "^0.5.3",
      "content-type": "^1.0.4",
      "convert-source-map": "^1.7.0",
      "cookie": "^0.4.0",
      "cookie-signature": "^1.0.6",
      "copy-concurrently": "^1.0.5",
      "copy-descriptor": "^0.1.1",
      "copy-webpack-plugin": "^5.1.1",
      "core-js": "^3.6.5",
      "core-js-compat": "^3.6.5",
      "core-util-is": "^1.0.2",
      "cosmiconfig": "^5.2.1",
      "create-ecdh": "^4.0.3",
      "create-hash": "^1.2.0",
      "create-hmac": "^1.1.7",
      "crequire": "^1.8.1",
      "cross-spawn": "^7.0.3",
      "crypto-browserify": "^3.12.0",
      "css-blank-pseudo": "^0.1.4",
      "css-color-names": "^0.0.4",
      "css-declaration-sorter": "^4.0.1",
      "css-has-pseudo": "^0.10.0",
      "css-loader": "^3.5.2",
      "css-modules-typescript-loader": "^4.0.0",
      "css-prefers-color-scheme": "^3.1.1",
      "css-select": "^2.1.0",
      "css-select-base-adapter": "^0.1.1",
      "css-tree": "^1.0.0-alpha.39",
      "css-what": "^3.3.0",
      "cssdb": "^4.4.0",
      "cssesc": "^3.0.0",
      "cssnano": "^4.1.10",
      "cssnano-preset-default": "^4.0.7",
      "cssnano-util-get-arguments": "^4.0.0",
      "cssnano-util-get-match": "^4.0.0",
      "cssnano-util-raw-cache": "^4.0.1",
      "cssnano-util-same-parent": "^4.0.1",
      "csso": "^4.0.3",
      "csstype": "^2.6.10",
      "cyclist": "^1.0.1",
      "d": "^1.0.1",
      "dashdash": "^1.14.1",
      "debug": "^4.1.1",
      "decamelize": "^1.2.0",
      "decode-uri-component": "^0.2.0",
      "decompress-response": "^3.3.0",
      "deepmerge": "^4.2.2",
      "defer-to-connect": "^1.1.3",
      "define-properties": "^1.1.3",
      "define-property": "^2.0.2",
      "delayed-stream": "^1.0.0",
      "depd": "^1.1.2",
      "des.js": "^1.0.1",
      "destroy": "^1.0.4",
      "detect-node": "^2.0.4",
      "dicer": "^0.2.5",
      "diffie-hellman": "^5.0.3",
      "dir-glob": "^2.2.2",
      "dom-serializer": "^0.2.2",
      "domain-browser": "^1.2.0",
      "domelementtype": "^2.0.1",
      "domhandler": "^2.4.2",
      "domutils": "^1.7.0",
      "dot-prop": "^5.2.0",
      "dotenv": "^8.2.0",
      "duplexer": "^0.1.1",
      "duplexer3": "^0.1.4",
      "duplexify": "^3.7.1",
      "ecc-jsbn": "^0.1.2",
      "ee-first": "^1.1.1",
      "ejs": "^3.0.2",
      "electron-to-chromium": "^1.3.478",
      "elliptic": "^6.5.3",
      "emoji-regex": "^8.0.0",
      "emojis-list": "^3.0.0",
      "encodeurl": "^1.0.2",
      "end-of-stream": "^1.4.4",
      "enhanced-resolve": "^4.2.0",
      "entities": "^2.0.3",
      "errno": "^0.1.7",
      "error-ex": "^1.3.2",
      "error-stack-parser": "^2.0.6",
      "es-abstract": "^1.17.6",
      "es-to-primitive": "^1.2.1",
      "es5-ext": "^0.10.53",
      "es5-imcompatible-versions": "^0.1.62",
      "es6-iterator": "^2.0.3",
      "es6-symbol": "^3.1.3",
      "es6-weak-map": "^2.0.3",
      "escape-html": "^1.0.3",
      "escape-string-regexp": "^1.0.5",
      "eslint-scope": "^4.0.3",
      "esprima": "^4.0.1",
      "esrecurse": "^4.2.1",
      "estraverse": "^4.3.0",
      "esutils": "^2.0.3",
      "etag": "^1.8.1",
      "event-emitter": "^0.3.5",
      "eventemitter3": "^4.0.4",
      "events": "^3.1.0",
      "eventsource": "^1.0.7",
      "evp_bytestokey": "^1.0.3",
      "execa": "^4.0.2",
      "expand-brackets": "^2.1.4",
      "express": "^4.17.1",
      "ext": "^1.4.0",
      "extend": "^3.0.2",
      "extend-shallow": "^3.0.2",
      "extglob": "^2.0.4",
      "extsprintf": "^1.4.0",
      "fast-deep-equal": "^3.1.3",
      "fast-json-stable-stringify": "^2.1.0",
      "faye-websocket": "^0.11.3",
      "figgy-pudding": "^3.5.2",
      "figures": "^3.2.0",
      "file-loader": "^6.0.0",
      "filesize": "^3.6.1",
      "fill-range": "^7.0.1",
      "finalhandler": "^1.1.2",
      "find-cache-dir": "^2.1.0",
      "find-up": "^4.1.0",
      "flatten": "^1.0.3",
      "flush-write-stream": "^1.1.1",
      "follow-redirects": "^1.12.1",
      "for-in": "^1.0.2",
      "for-own": "^0.1.5",
      "forever-agent": "^0.6.1",
      "fork-ts-checker-webpack-plugin": "^4.1.3",
      "form-data": "^2.5.1",
      "format-util": "^1.0.5",
      "forwarded": "^0.1.2",
      "fragment-cache": "^0.2.1",
      "fresh": "^0.5.2",
      "friendly-errors-webpack-plugin": "^1.7.0",
      "from2": "^2.3.0",
      "fs-extra": "^7.0.1",
      "fs-write-stream-atomic": "^1.0.10",
      "fs.realpath": "^1.0.0",
      "fsevents": "^2.1.3",
      "function-bind": "^1.1.1",
      "gensync": "^1.0.0-beta.1",
      "get-caller-file": "^2.0.5",
      "get-stream": "^5.1.0",
      "get-value": "^2.0.6",
      "getpass": "^0.1.7",
      "glob": "^7.1.6",
      "glob-parent": "^5.1.1",
      "globals": "^11.12.0",
      "globby": "^7.1.1",
      "got": "^9.6.0",
      "graceful-fs": "^4.2.4",
      "gud": "^1.0.0",
      "gzip-size": "^5.1.1",
      "handle-thing": "^2.0.1",
      "har-schema": "^2.0.0",
      "har-validator": "^5.1.3",
      "has": "^1.0.3",
      "has-ansi": "^2.0.0",
      "has-flag": "^4.0.0",
      "has-symbols": "^1.0.1",
      "has-value": "^1.0.0",
      "has-values": "^1.0.0",
      "hash-base": "^3.1.0",
      "hash.js": "^1.1.7",
      "hex-color-regex": "^1.1.0",
      "history": "^4.10.1",
      "history-with-query": "^4.10.3",
      "hmac-drbg": "^1.0.1",
      "hoist-non-react-statics": "^3.3.2",
      "hoopy": "^0.1.4",
      "hpack.js": "^2.1.6",
      "hsl-regex": "^1.0.0",
      "hsla-regex": "^1.0.0",
      "html-comment-regex": "^1.1.2",
      "htmlparser2": "^3.10.1",
      "http-cache-semantics": "^4.1.0",
      "http-deceiver": "^1.2.7",
      "http-errors": "^1.7.3",
      "http-parser-js": "^0.5.2",
      "http-proxy": "^1.18.1",
      "http-proxy-middleware": "^1.0.3",
      "http-signature": "^1.2.0",
      "https-browserify": "^1.0.0",
      "human-signals": "^1.1.1",
      "iconv-lite": "^0.4.24",
      "icss-utils": "^4.1.1",
      "ieee754": "^1.1.13",
      "iferr": "^0.1.5",
      "ignore": "^3.3.10",
      "image-size": "^0.5.5",
      "immer": "^6.0.3",
      "import-cwd": "^2.1.0",
      "import-fresh": "^2.0.0",
      "import-from": "^2.1.0",
      "imurmurhash": "^0.1.4",
      "indexes-of": "^1.0.1",
      "infer-owner": "^1.0.4",
      "inflight": "^1.0.6",
      "inherits": "^2.0.4",
      "invariant": "^2.2.4",
      "invert-kv": "^3.0.1",
      "ipaddr.js": "^1.9.1",
      "is-absolute-url": "^2.1.0",
      "is-accessor-descriptor": "^1.0.0",
      "is-arrayish": "^0.3.2",
      "is-binary-path": "^2.1.0",
      "is-buffer": "^1.1.6",
      "is-callable": "^1.2.0",
      "is-color-stop": "^1.1.0",
      "is-data-descriptor": "^1.0.0",
      "is-date-object": "^1.0.2",
      "is-descriptor": "^1.0.2",
      "is-directory": "^0.3.1",
      "is-docker": "^2.0.0",
      "is-extendable": "^1.0.1",
      "is-extglob": "^2.1.1",
      "is-fullwidth-code-point": "^3.0.0",
      "is-glob": "^4.0.1",
      "is-number": "^7.0.0",
      "is-obj": "^2.0.0",
      "is-plain-obj": "^1.1.0",
      "is-plain-object": "^2.0.4",
      "is-promise": "^2.2.2",
      "is-regex": "^1.1.0",
      "is-resolvable": "^1.1.0",
      "is-stream": "^2.0.0",
      "is-svg": "^3.0.0",
      "is-symbol": "^1.0.3",
      "is-typedarray": "^1.0.0",
      "is-windows": "^1.0.2",
      "is-wsl": "^2.2.0",
      "isarray": "^1.0.0",
      "isexe": "^2.0.0",
      "isobject": "^3.0.1",
      "isstream": "^0.1.2",
      "javascript-stringify": "^2.0.1",
      "joi2types": "^1.0.7",
      "js-tokens": "^4.0.0",
      "js-yaml": "^3.14.0",
      "jsbn": "^0.1.1",
      "jsesc": "^2.5.2",
      "json-buffer": "^3.0.0",
      "json-parse-better-errors": "^1.0.2",
      "json-schema": "^0.2.3",
      "json-schema-ref-parser": "^6.1.0",
      "json-schema-to-typescript": "^8.2.0",
      "json-schema-traverse": "^0.4.1",
      "json-stringify-safe": "^5.0.1",
      "json3": "^3.3.3",
      "json5": "^2.1.3",
      "jsonfile": "^4.0.0",
      "jsprim": "^1.4.1",
      "keyv": "^3.1.0",
      "kind-of": "^6.0.3",
      "kleur": "^4.0.1",
      "last-call-webpack-plugin": "^3.0.0",
      "lazy-cache": "^1.0.4",
      "lcid": "^3.1.1",
      "less": "^3.11.1",
      "less-loader": "^5.0.0",
      "levdist": "^1.0.0",
      "leven": "^3.1.0",
      "levenary": "^1.1.1",
      "line-diff": "^2.1.0",
      "load-json-file": "^4.0.0",
      "loader-runner": "^2.4.0",
      "loader-utils": "^2.0.0",
      "locate-path": "^5.0.0",
      "lodash": "^4.17.15",
      "lodash._reinterpolate": "^3.0.0",
      "lodash.memoize": "^4.1.2",
      "lodash.template": "^4.5.0",
      "lodash.templatesettings": "^4.2.0",
      "lodash.toarray": "^4.4.0",
      "lodash.uniq": "^4.5.0",
      "loglevel": "^1.6.8",
      "loose-envify": "^1.4.0",
      "lowercase-keys": "^2.0.0",
      "lru-cache": "^5.1.1",
      "lru-queue": "^0.1.0",
      "make-dir": "^2.1.0",
      "map-age-cleaner": "^0.1.3",
      "map-cache": "^0.2.2",
      "map-visit": "^1.0.0",
      "marked": "^0.8.2",
      "marked-terminal": "^4.0.0",
      "md5.js": "^1.3.5",
      "mdn-data": "^2.0.6",
      "media-typer": "^0.3.0",
      "mem": "^5.1.1",
      "memoizee": "^0.4.14",
      "memory-fs": "^0.5.0",
      "merge-deep": "^3.0.2",
      "merge-descriptors": "^1.0.1",
      "merge-stream": "^2.0.0",
      "methods": "^1.1.2",
      "microevent.ts": "^0.1.1",
      "micromatch": "^4.0.2",
      "miller-rabin": "^4.0.1",
      "mime": "^2.4.6",
      "mime-db": "^1.44.0",
      "mime-types": "^2.1.27",
      "mimic-fn": "^2.1.0",
      "mimic-response": "^1.0.1",
      "mini-create-react-context": "^0.3.2",
      "mini-css-extract-plugin": "^0.9.0",
      "minimalistic-assert": "^1.0.1",
      "minimalistic-crypto-utils": "^1.0.1",
      "minimatch": "^3.0.4",
      "minimist": "^1.2.5",
      "mississippi": "^3.0.0",
      "mixin-deep": "^1.3.2",
      "mixin-object": "^2.0.1",
      "mkdirp": "^1.0.4",
      "move-concurrently": "^1.0.1",
      "ms": "^2.1.2",
      "multer": "^1.4.2",
      "mustache": "^4.0.1",
      "mz": "^2.7.0",
      "nanomatch": "^1.2.13",
      "negotiator": "^0.6.2",
      "neo-async": "^2.6.1",
      "next-tick": "^1.1.0",
      "nice-try": "^1.0.5",
      "node-emoji": "^1.10.0",
      "node-libs-browser": "^2.2.1",
      "node-modules-regexp": "^1.0.0",
      "node-releases": "^1.1.58",
      "normalize-path": "^3.0.0",
      "normalize-range": "^0.1.2",
      "normalize-url": "^4.5.0",
      "npm-run-path": "^4.0.1",
      "nth-check": "^1.0.2",
      "num2fraction": "^1.2.2",
      "oauth-sign": "^0.9.0",
      "object-assign": "^4.1.1",
      "object-copy": "^0.1.0",
      "object-inspect": "^1.8.0",
      "object-keys": "^1.1.1",
      "object-visit": "^1.0.1",
      "object.assign": "^4.1.0",
      "object.entries": "^1.1.2",
      "object.getownpropertydescriptors": "^2.1.0",
      "object.pick": "^1.3.0",
      "object.values": "^1.1.1",
      "obuf": "^1.1.2",
      "on-finished": "^2.3.0",
      "on-headers": "^1.0.2",
      "once": "^1.4.0",
      "onetime": "^5.1.0",
      "ono": "^4.0.11",
      "opener": "^1.5.1",
      "optimize-css-assets-webpack-plugin": "^5.0.3",
      "original": "^1.0.2",
      "os-browserify": "^0.3.0",
      "os-locale": "^5.0.0",
      "p-cancelable": "^1.1.0",
      "p-defer": "^1.0.0",
      "p-finally": "^1.0.0",
      "p-is-promise": "^2.1.0",
      "p-limit": "^2.3.0",
      "p-locate": "^4.1.0",
      "p-try": "^2.2.0",
      "pako": "^1.0.11",
      "parallel-transform": "^1.2.0",
      "parse-asn1": "^5.1.5",
      "parse-json": "^4.0.0",
      "parse5": "^3.0.3",
      "parseurl": "^1.3.3",
      "pascalcase": "^0.1.1",
      "path-browserify": "^0.0.1",
      "path-dirname": "^1.0.2",
      "path-exists": "^4.0.0",
      "path-is-absolute": "^1.0.1",
      "path-key": "^3.1.1",
      "path-parse": "^1.0.6",
      "path-to-regexp": "^1.8.0",
      "path-type": "^3.0.0",
      "pbkdf2": "^3.1.1",
      "performance-now": "^2.1.0",
      "picomatch": "^2.2.2",
      "pify": "^4.0.1",
      "pirates": "^4.0.1",
      "pkg-conf": "^2.1.0",
      "pkg-dir": "^3.0.0",
      "pkg-up": "^3.1.0",
      "portfinder": "^1.0.25",
      "posix-character-classes": "^0.1.1",
      "postcss": "^7.0.32",
      "postcss-attribute-case-insensitive": "^4.0.2",
      "postcss-calc": "^7.0.2",
      "postcss-color-functional-notation": "^2.0.1",
      "postcss-color-gray": "^5.0.0",
      "postcss-color-hex-alpha": "^5.0.3",
      "postcss-color-mod-function": "^3.0.3",
      "postcss-color-rebeccapurple": "^4.0.1",
      "postcss-colormin": "^4.0.3",
      "postcss-convert-values": "^4.0.1",
      "postcss-custom-media": "^7.0.8",
      "postcss-custom-properties": "^8.0.11",
      "postcss-custom-selectors": "^5.1.2",
      "postcss-dir-pseudo-class": "^5.0.0",
      "postcss-discard-comments": "^4.0.2",
      "postcss-discard-duplicates": "^4.0.2",
      "postcss-discard-empty": "^4.0.1",
      "postcss-discard-overridden": "^4.0.1",
      "postcss-double-position-gradients": "^1.0.0",
      "postcss-env-function": "^2.0.2",
      "postcss-flexbugs-fixes": "^4.2.0",
      "postcss-focus-visible": "^4.0.0",
      "postcss-focus-within": "^3.0.0",
      "postcss-font-variant": "^4.0.0",
      "postcss-gap-properties": "^2.0.0",
      "postcss-image-set-function": "^3.0.1",
      "postcss-initial": "^3.0.2",
      "postcss-lab-function": "^2.0.1",
      "postcss-load-config": "^2.1.0",
      "postcss-loader": "^3.0.0",
      "postcss-logical": "^3.0.0",
      "postcss-media-minmax": "^4.0.0",
      "postcss-merge-longhand": "^4.0.11",
      "postcss-merge-rules": "^4.0.3",
      "postcss-minify-font-values": "^4.0.2",
      "postcss-minify-gradients": "^4.0.2",
      "postcss-minify-params": "^4.0.2",
      "postcss-minify-selectors": "^4.0.2",
      "postcss-modules-extract-imports": "^2.0.0",
      "postcss-modules-local-by-default": "^3.0.2",
      "postcss-modules-scope": "^2.2.0",
      "postcss-modules-values": "^3.0.0",
      "postcss-nesting": "^7.0.1",
      "postcss-normalize-charset": "^4.0.1",
      "postcss-normalize-display-values": "^4.0.2",
      "postcss-normalize-positions": "^4.0.2",
      "postcss-normalize-repeat-style": "^4.0.2",
      "postcss-normalize-string": "^4.0.2",
      "postcss-normalize-timing-functions": "^4.0.2",
      "postcss-normalize-unicode": "^4.0.1",
      "postcss-normalize-url": "^4.0.1",
      "postcss-normalize-whitespace": "^4.0.2",
      "postcss-ordered-values": "^4.1.2",
      "postcss-overflow-shorthand": "^2.0.0",
      "postcss-page-break": "^2.0.0",
      "postcss-place": "^4.0.1",
      "postcss-preset-env": "^6.7.0",
      "postcss-pseudo-class-any-link": "^6.0.0",
      "postcss-reduce-initial": "^4.0.3",
      "postcss-reduce-transforms": "^4.0.2",
      "postcss-replace-overflow-wrap": "^3.0.0",
      "postcss-safe-parser": "^4.0.2",
      "postcss-selector-matches": "^4.0.0",
      "postcss-selector-not": "^4.0.0",
      "postcss-selector-parser": "^6.0.2",
      "postcss-svgo": "^4.0.2",
      "postcss-unique-selectors": "^4.0.1",
      "postcss-value-parser": "^4.1.0",
      "postcss-values-parser": "^2.0.1",
      "prepend-http": "^2.0.0",
      "prettier": "^2.0.4",
      "pretty-time": "^1.1.0",
      "private": "^0.1.8",
      "process": "^0.11.10",
      "process-nextick-args": "^2.0.1",
      "promise": "^7.3.1",
      "promise-inflight": "^1.0.1",
      "prop-types": "^15.7.2",
      "proxy-addr": "^2.0.6",
      "prr": "^1.0.1",
      "psl": "^1.8.0",
      "public-encrypt": "^4.0.3",
      "pump": "^3.0.0",
      "pumpify": "^1.5.1",
      "punycode": "^2.1.1",
      "q": "^1.5.1",
      "qs": "^6.7.0",
      "query-string": "^6.13.1",
      "querystring": "^0.2.0",
      "querystring-es3": "^0.2.1",
      "querystringify": "^2.1.1",
      "randombytes": "^2.1.0",
      "randomfill": "^1.0.4",
      "range-parser": "^1.2.1",
      "raw-body": "^2.4.0",
      "raw-loader": "^4.0.1",
      "react": "^16.13.1",
      "react-dom": "^16.13.1",
      "react-error-overlay": "^6.0.7",
      "react-is": "^16.13.1",
      "react-router": "^5.1.2",
      "react-router-config": "^5.1.1",
      "react-router-dom": "^5.1.2",
      "readable-stream": "^3.6.0",
      "readdirp": "^3.4.0",
      "redeyed": "^2.1.1",
      "regenerate": "^1.4.1",
      "regenerate-unicode-properties": "^8.2.0",
      "regenerator-runtime": "^0.13.5",
      "regenerator-transform": "^0.14.4",
      "regex-not": "^1.0.2",
      "regexpu-core": "^4.7.0",
      "regjsgen": "^0.5.2",
      "regjsparser": "^0.6.4",
      "remove-trailing-separator": "^1.1.0",
      "repeat-element": "^1.1.3",
      "repeat-string": "^1.6.1",
      "request": "^2.88.2",
      "require-directory": "^2.1.1",
      "require-main-filename": "^2.0.0",
      "requires-port": "^1.0.0",
      "resolve": "^1.17.0",
      "resolve-cwd": "^3.0.0",
      "resolve-from": "^5.0.0",
      "resolve-pathname": "^3.0.0",
      "resolve-url": "^0.2.1",
      "responselike": "^1.0.2",
      "ret": "^0.1.15",
      "rgb-regex": "^1.0.1",
      "rgba-regex": "^1.0.0",
      "rimraf": "^3.0.2",
      "ripemd160": "^2.0.2",
      "run-queue": "^1.0.3",
      "safe-buffer": "^5.2.1",
      "safe-regex": "^1.1.0",
      "safer-buffer": "^2.1.2",
      "sax": "^1.2.4",
      "scheduler": "^0.19.1",
      "schema-utils": "^2.7.0",
      "select-hose": "^2.0.0",
      "semver": "^7.3.2",
      "send": "^0.17.1",
      "serialize-javascript": "^3.1.0",
      "serve-static": "^1.14.1",
      "set-blocking": "^2.0.0",
      "set-value": "^3.0.2",
      "setimmediate": "^1.0.5",
      "setprototypeof": "^1.1.1",
      "sha.js": "^2.4.11",
      "shallow-clone": "^0.1.2",
      "shebang-command": "^2.0.0",
      "shebang-regex": "^3.0.0",
      "signal-exit": "^3.0.3",
      "signale": "^1.4.0",
      "simple-swizzle": "^0.2.2",
      "slash": "^1.0.0",
      "snapdragon": "^0.8.2",
      "snapdragon-node": "^2.1.1",
      "snapdragon-util": "^3.0.1",
      "sockjs": "^0.3.20",
      "sockjs-client": "^1.4.0",
      "sort-keys": "^1.1.2",
      "source-list-map": "^2.0.1",
      "source-map": "^0.7.3",
      "source-map-resolve": "^0.5.3",
      "source-map-support": "^0.5.19",
      "source-map-url": "^0.4.0",
      "spdy": "^4.0.2",
      "spdy-transport": "^3.0.0",
      "speed-measure-webpack-plugin": "^1.3.3",
      "split-on-first": "^1.1.0",
      "split-string": "^3.1.0",
      "sprintf-js": "^1.0.3",
      "sshpk": "^1.16.1",
      "ssri": "^6.0.1",
      "stable": "^0.1.8",
      "stackframe": "^1.2.0",
      "static-extend": "^0.1.2",
      "statuses": "^1.5.0",
      "std-env": "^2.2.1",
      "stdin": "^0.0.1",
      "stream-browserify": "^2.0.2",
      "stream-each": "^1.2.3",
      "stream-http": "^2.8.3",
      "stream-shift": "^1.0.1",
      "streamsearch": "^0.1.2",
      "strict-uri-encode": "^2.0.0",
      "string-width": "^4.2.0",
      "string.prototype.trimend": "^1.0.1",
      "string.prototype.trimstart": "^1.0.1",
      "string_decoder": "^1.3.0",
      "strip-ansi": "^6.0.0",
      "strip-bom": "^3.0.0",
      "strip-eof": "^1.0.0",
      "strip-final-newline": "^2.0.0",
      "style-loader": "^1.1.4",
      "stylehacks": "^4.0.3",
      "supports-color": "^7.1.0",
      "supports-hyperlinks": "^2.1.0",
      "svg-parser": "^2.0.4",
      "svgo": "^1.3.2",
      "tapable": "^1.1.3",
      "terser": "^4.8.0",
      "terser-webpack-plugin": "^1.4.4",
      "text-table": "^0.2.0",
      "thenify": "^3.3.1",
      "thenify-all": "^1.6.0",
      "through2": "^2.0.5",
      "timers-browserify": "^2.0.11",
      "timers-ext": "^0.1.7",
      "timsort": "^0.3.0",
      "tiny-invariant": "^1.1.0",
      "tiny-warning": "^1.0.3",
      "to-arraybuffer": "^1.0.1",
      "to-fast-properties": "^2.0.0",
      "to-object-path": "^0.3.0",
      "to-readable-stream": "^1.0.0",
      "to-regex": "^3.0.2",
      "to-regex-range": "^5.0.1",
      "toidentifier": "^1.0.0",
      "tough-cookie": "^2.5.0",
      "tryer": "^1.0.1",
      "tslib": "^1.13.0",
      "tty-browserify": "^0.0.0",
      "tunnel-agent": "^0.6.0",
      "tweetnacl": "^0.14.5",
      "type": "^2.0.0",
      "type-fest": "^0.11.0",
      "type-is": "^1.6.18",
      "typedarray": "^0.0.6",
      "umi-webpack-bundle-analyzer": "^3.5.0",
      "unicode-canonical-property-names-ecmascript": "^1.0.4",
      "unicode-match-property-ecmascript": "^1.0.4",
      "unicode-match-property-value-ecmascript": "^1.2.0",
      "unicode-property-aliases-ecmascript": "^1.1.0",
      "union-value": "^1.0.1",
      "uniq": "^1.0.1",
      "uniqs": "^2.0.0",
      "unique-filename": "^1.1.1",
      "unique-slug": "^2.0.2",
      "universalify": "^0.1.2",
      "unpipe": "^1.0.0",
      "unquote": "^1.1.1",
      "unset-value": "^1.0.0",
      "upath": "^1.2.0",
      "uri-js": "^4.2.2",
      "urix": "^0.1.0",
      "url": "^0.11.0",
      "url-loader": "^4.1.0",
      "url-parse": "^1.4.7",
      "url-parse-lax": "^3.0.0",
      "use": "^3.1.1",
      "use-subscription": "^1.4.1",
      "util": "^0.11.1",
      "util-deprecate": "^1.0.2",
      "util.promisify": "^1.0.1",
      "utils-merge": "^1.0.1",
      "uuid": "^3.4.0",
      "value-equal": "^1.0.1",
      "vary": "^1.1.2",
      "vendors": "^1.0.4",
      "verror": "^1.10.0",
      "vm-browserify": "^1.1.2",
      "watchpack": "^1.7.2",
      "watchpack-chokidar2": "^2.0.0",
      "wbuf": "^1.7.3",
      "webpack": "^4.42.1",
      "webpack-chain": "^6.4.0",
      "webpack-dev-middleware": "^3.7.2",
      "webpack-log": "^2.0.0",
      "webpack-manifest-plugin": "^2.2.0",
      "webpack-sources": "^1.4.3",
      "webpackbar": "^4.0.0",
      "websocket-driver": "^0.7.4",
      "websocket-extensions": "^0.1.4",
      "which": "^2.0.2",
      "which-module": "^2.0.0",
      "worker-farm": "^1.7.0",
      "worker-rpc": "^0.1.1",
      "wrap-ansi": "^6.2.0",
      "wrappy": "^1.0.2",
      "ws": "^6.2.1",
      "xtend": "^4.0.2",
      "y18n": "^4.0.0",
      "yallist": "^3.1.1",
      "yargs": "^15.3.1",
      "yargs-parser": "^18.1.3",
      "zlib": "^1.0.5"
    },
    "scripts": {
      "test": "echo \"Error: no test specified\" && exit 1",
      "dev": "umi dev",
      "build": "umi build"
    },
    "keywords": [],
    "author": "",
    "license": "ISC",
    "description": ""
  }

yarn manifest: 
  No manifest

Lockfile: 
  No lockfile
